This is pdfTeX, Version 3.1415926-2.5-1.40.14 (TeX Live 2013) (format=pdflatex 2013.5.30)  19 JUN 2014 18:13
entering extended mode
 \write18 enabled.
 file:line:error style messages enabled.
 %&-line parsing enabled.
**Byrne_etal_201406.tex
(./Byrne_etal_201406.tex
LaTeX2e <2011/06/27>
Babel <3.9f> and hyphenation patterns for 78 languages loaded.
(/usr/local/texlive/2013/texmf-dist/tex/latex/aastex/aastex.cls
Document Class: aastex 2005/06/22 5.2/AAS markup document class
Class aastex Info: Original \LaTeX2.09 style by Chris Biemesderfer (chris@seago
at.com). Adapted to \LaTeXe by A. Ogawa (ogawa@teleport.com) on input line 83.
(/usr/local/texlive/2013/texmf-dist/tex/latex/base/article.cls
Document Class: article 2007/10/19 v1.4h Standard LaTeX document class
(/usr/local/texlive/2013/texmf-dist/tex/latex/base/size10.clo
File: size10.clo 2007/10/19 v1.4h Standard LaTeX file (size option)
)
\c@part=\count79
\c@section=\count80
\c@subsection=\count81
\c@subsubsection=\count82
\c@paragraph=\count83
\c@subparagraph=\count84
\c@figure=\count85
\c@table=\count86
\abovecaptionskip=\skip41
\belowcaptionskip=\skip42
\bibindent=\dimen102
)
(/usr/local/texlive/2013/texmf-dist/tex/latex/base/latexsym.sty
Package: latexsym 1998/08/17 v2.2e Standard LaTeX package (lasy symbols)
\symlasy=\mathgroup4
LaTeX Font Info:    Overwriting symbol font `lasy' in version `bold'
(Font)                  U/lasy/m/n --> U/lasy/b/n on input line 47.
)
(/usr/local/texlive/2013/texmf-dist/tex/latex/graphics/graphicx.sty
Package: graphicx 1999/02/16 v1.0f Enhanced LaTeX Graphics (DPC,SPQR)

(/usr/local/texlive/2013/texmf-dist/tex/latex/graphics/keyval.sty
Package: keyval 1999/03/16 v1.13 key=value parser (DPC)
\KV@toks@=\toks14
)
(/usr/local/texlive/2013/texmf-dist/tex/latex/graphics/graphics.sty
Package: graphics 2009/02/05 v1.0o Standard LaTeX Graphics (DPC,SPQR)

(/usr/local/texlive/2013/texmf-dist/tex/latex/graphics/trig.sty
Package: trig 1999/03/16 v1.09 sin cos tan (DPC)
)
(/usr/local/texlive/2013/texmf-dist/tex/latex/latexconfig/graphics.cfg
File: graphics.cfg 2010/04/23 v1.9 graphics configuration of TeX Live
)
Package graphics Info: Driver file: pdftex.def on input line 91.

(/usr/local/texlive/2013/texmf-dist/tex/latex/pdftex-def/pdftex.def
File: pdftex.def 2011/05/27 v0.06d Graphics/color for pdfTeX

(/usr/local/texlive/2013/texmf-dist/tex/generic/oberdiek/infwarerr.sty
Package: infwarerr 2010/04/08 v1.3 Providing info/warning/error messages (HO)
)
(/usr/local/texlive/2013/texmf-dist/tex/generic/oberdiek/ltxcmds.sty
Package: ltxcmds 2011/11/09 v1.22 LaTeX kernel commands for general use (HO)
)
\Gread@gobject=\count87
))
\Gin@req@height=\dimen103
\Gin@req@width=\dimen104
)
(/usr/local/texlive/2013/texmf-dist/tex/latex/amsfonts/amssymb.sty
Package: amssymb 2013/01/14 v3.01 AMS font symbols

(/usr/local/texlive/2013/texmf-dist/tex/latex/amsfonts/amsfonts.sty
Package: amsfonts 2013/01/14 v3.01 Basic AMSFonts support
\@emptytoks=\toks15
\symAMSa=\mathgroup5
\symAMSb=\mathgroup6
LaTeX Font Info:    Overwriting math alphabet `\mathfrak' in version `bold'
(Font)                  U/euf/m/n --> U/euf/b/n on input line 106.
))
(/usr/local/texlive/2013/texmf-dist/tex/latex/natbib/natbib.sty
Package: natbib 2010/09/13 8.31b (PWD, AO)
\bibhang=\skip43
\bibsep=\skip44
LaTeX Info: Redefining \cite on input line 694.
\c@NAT@ctr=\count88
)
(/usr/local/texlive/2013/texmf-dist/tex/latex/tools/verbatim.sty
Package: verbatim 2003/08/22 v1.5q LaTeX2e package for verbatim enhancements
\every@verbatim=\toks16
\verbatim@line=\toks17
\verbatim@in@stream=\read1
)
\@slugcmmntwidth=\dimen105
\abstract@box=\box26
\c@editornote=\count89
\c@cureqno=\count90
\tnotemarkskip=\skip45
\@abovenoteskip=\dimen106
\pt@box=\box27
\pt@width=\dimen107
\pt@line=\count91
\pt@column=\count92
\pt@nlines=\count93
\pt@ncol=\count94
\pt@page=\count95
\tabbaseskip=\dimen108
\pt@tmpcapwidth=\dimen109
\spew@tblnotesbox=\box28
\restof@tblnotesbox=\box29
\noteheight=\dimen110
\pt@tabnoteminht=\dimen111
\firsttabskip=\dimen112
\captionbox=\box30
\pt@reduceline=\dimen113
\extra@vspace=\dimen114
\c@plate=\count96
\my@footins=\box31
)
(/usr/local/texlive/2013/texmf-dist/tex/latex/amsmath/amsmath.sty
Package: amsmath 2013/01/14 v2.14 AMS math features
\@mathmargin=\skip46

For additional information on amsmath, use the `?' option.
(/usr/local/texlive/2013/texmf-dist/tex/latex/amsmath/amstext.sty
Package: amstext 2000/06/29 v2.01

(/usr/local/texlive/2013/texmf-dist/tex/latex/amsmath/amsgen.sty
File: amsgen.sty 1999/11/30 v2.0
\@emptytoks=\toks18
\ex@=\dimen115
))
(/usr/local/texlive/2013/texmf-dist/tex/latex/amsmath/amsbsy.sty
Package: amsbsy 1999/11/29 v1.2d
\pmbraise@=\dimen116
)
(/usr/local/texlive/2013/texmf-dist/tex/latex/amsmath/amsopn.sty
Package: amsopn 1999/12/14 v2.01 operator names
)
\inf@bad=\count97
LaTeX Info: Redefining \frac on input line 210.
\uproot@=\count98
\leftroot@=\count99
LaTeX Info: Redefining \overline on input line 306.
\classnum@=\count100
\DOTSCASE@=\count101
LaTeX Info: Redefining \ldots on input line 378.
LaTeX Info: Redefining \dots on input line 381.
LaTeX Info: Redefining \cdots on input line 466.
\Mathstrutbox@=\box32
\strutbox@=\box33
\big@size=\dimen117
LaTeX Font Info:    Redeclaring font encoding OML on input line 566.
LaTeX Font Info:    Redeclaring font encoding OMS on input line 567.
\macc@depth=\count102
\c@MaxMatrixCols=\count103
\dotsspace@=\muskip10
\c@parentequation=\count104
\dspbrk@lvl=\count105
\tag@help=\toks19
\row@=\count106
\column@=\count107
\maxfields@=\count108
\andhelp@=\toks20
\eqnshift@=\dimen118
\alignsep@=\dimen119
\tagshift@=\dimen120
\tagwidth@=\dimen121
\totwidth@=\dimen122
\lineht@=\dimen123
\@envbody=\toks21
\multlinegap=\skip47
\multlinetaggap=\skip48
\mathdisplay@stack=\toks22
LaTeX Info: Redefining \[ on input line 2665.
LaTeX Info: Redefining \] on input line 2666.
)
(./Byrne_etal_201406.aux)
\openout1 = `Byrne_etal_201406.aux'.

LaTeX Font Info:    Checking defaults for OML/cmm/m/it on input line 25.
LaTeX Font Info:    ... okay on input line 25.
LaTeX Font Info:    Checking defaults for T1/cmr/m/n on input line 25.
LaTeX Font Info:    ... okay on input line 25.
LaTeX Font Info:    Checking defaults for OT1/cmr/m/n on input line 25.
LaTeX Font Info:    ... okay on input line 25.
LaTeX Font Info:    Checking defaults for OMS/cmsy/m/n on input line 25.
LaTeX Font Info:    ... okay on input line 25.
LaTeX Font Info:    Checking defaults for OMX/cmex/m/n on input line 25.
LaTeX Font Info:    ... okay on input line 25.
LaTeX Font Info:    Checking defaults for U/cmr/m/n on input line 25.
LaTeX Font Info:    ... okay on input line 25.

(/usr/local/texlive/2013/texmf-dist/tex/context/base/supp-pdf.mkii
[Loading MPS to PDF converter (version 2006.09.02).]
\scratchcounter=\count109
\scratchdimen=\dimen124
\scratchbox=\box34
\nofMPsegments=\count110
\nofMParguments=\count111
\everyMPshowfont=\toks23
\MPscratchCnt=\count112
\MPscratchDim=\dimen125
\MPnumerator=\count113
\makeMPintoPDFobject=\count114
\everyMPtoPDFconversion=\toks24
) (/usr/local/texlive/2013/texmf-dist/tex/generic/oberdiek/pdftexcmds.sty
Package: pdftexcmds 2011/11/29 v0.20 Utility functions of pdfTeX for LuaTeX (HO
)

(/usr/local/texlive/2013/texmf-dist/tex/generic/oberdiek/ifluatex.sty
Package: ifluatex 2010/03/01 v1.3 Provides the ifluatex switch (HO)
Package ifluatex Info: LuaTeX not detected.
)
(/usr/local/texlive/2013/texmf-dist/tex/generic/oberdiek/ifpdf.sty
Package: ifpdf 2011/01/30 v2.3 Provides the ifpdf switch (HO)
Package ifpdf Info: pdfTeX in PDF mode is detected.
)
Package pdftexcmds Info: LuaTeX not detected.
Package pdftexcmds Info: \pdf@primitive is available.
Package pdftexcmds Info: \pdf@ifprimitive is available.
Package pdftexcmds Info: \pdfdraftmode found.
)
(/usr/local/texlive/2013/texmf-dist/tex/latex/oberdiek/epstopdf-base.sty
Package: epstopdf-base 2010/02/09 v2.5 Base part for package epstopdf

(/usr/local/texlive/2013/texmf-dist/tex/latex/oberdiek/grfext.sty
Package: grfext 2010/08/19 v1.1 Manage graphics extensions (HO)

(/usr/local/texlive/2013/texmf-dist/tex/generic/oberdiek/kvdefinekeys.sty
Package: kvdefinekeys 2011/04/07 v1.3 Define keys (HO)
))
(/usr/local/texlive/2013/texmf-dist/tex/latex/oberdiek/kvoptions.sty
Package: kvoptions 2011/06/30 v3.11 Key value format for package options (HO)

(/usr/local/texlive/2013/texmf-dist/tex/generic/oberdiek/kvsetkeys.sty
Package: kvsetkeys 2012/04/25 v1.16 Key value parser (HO)

(/usr/local/texlive/2013/texmf-dist/tex/generic/oberdiek/etexcmds.sty
Package: etexcmds 2011/02/16 v1.5 Avoid name clashes with e-TeX commands (HO)
Package etexcmds Info: Could not find \expanded.
(etexcmds)             That can mean that you are not using pdfTeX 1.50 or
(etexcmds)             that some package has redefined \expanded.
(etexcmds)             In the latter case, load this package earlier.
)))
Package grfext Info: Graphics extension search list:
(grfext)             [.png,.pdf,.jpg,.mps,.jpeg,.jbig2,.jb2,.PNG,.PDF,.JPG,.JPE
G,.JBIG2,.JB2,.eps]
(grfext)             \AppendGraphicsExtensions on input line 452.

(/usr/local/texlive/2013/texmf-dist/tex/latex/latexconfig/epstopdf-sys.cfg
File: epstopdf-sys.cfg 2010/07/13 v1.3 Configuration of (r)epstopdf for TeX Liv
e
))
AAS 2-column preprint substyle, v5.2 <12 Dec 2003>.
LaTeX Font Info:    Try loading font information for U+lasy on input line 40.
(/usr/local/texlive/2013/texmf-dist/tex/latex/base/ulasy.fd
File: ulasy.fd 1998/08/17 v2.2e LaTeX symbol font definitions
)
LaTeX Font Info:    Try loading font information for U+msa on input line 40.

(/usr/local/texlive/2013/texmf-dist/tex/latex/amsfonts/umsa.fd
File: umsa.fd 2013/01/14 v3.01 AMS symbols A
)
LaTeX Font Info:    Try loading font information for U+msb on input line 40.

(/usr/local/texlive/2013/texmf-dist/tex/latex/amsfonts/umsb.fd
File: umsb.fd 2013/01/14 v3.01 AMS symbols B
) [1{/usr/local/texlive/2013/texmf-var/fonts/map/pdftex/updmap/pdftex.map}


]

LaTeX Warning: Reference `epipolar' on page 2 undefined on input line 57.


Overfull \hbox (7.66252pt too wide) in paragraph at lines 57--58
[]\OT1/cmr/m/n/10 The two near-identical space-craft of the STEREO
 []


Underfull \hbox (badness 2941) in paragraph at lines 57--58
\OT1/cmr/m/n/10 mis-sion pro-vide si-mul-ta-ne-ous ob-ser-va-tions of
 []


Package natbib Warning: Citation `2010SoPh..tmp...49D' on page 2 undefined on i
nput line 59.


Underfull \hbox (badness 2261) in paragraph at lines 59--60
[]\OT1/cmr/m/n/10 The tech-nique of tie-pointing lines-of-sight
 []

[2]

LaTeX Warning: Reference `3Delliptical' on page 3 undefined on input line 68.


LaTeX Warning: Reference `3Delliptical' on page 3 undefined on input line 68.


LaTeX Warning: Reference `3Delliptical' on page 3 undefined on input line 68.


LaTeX Warning: Reference `3Delliptical' on page 3 undefined on input line 68.


LaTeX Warning: Reference `kins20081212' on page 3 undefined on input line 68.


Overfull \hbox (11.60696pt too wide) in paragraph at lines 68--69
[]\OT1/cmr/m/n/10 The two near-identical space-crafts of the STEREO
 []


Underfull \hbox (badness 2941) in paragraph at lines 68--69
\OT1/cmr/m/n/10 mis-sion pro-vide si-mul-ta-ne-ous ob-ser-va-tions of
 []


LaTeX Warning: Reference `chapter:multiscale' on page 3 undefined on input line
 71.

[3] <images/ellipseinscribed.pdf, id=25, 1195.01462pt x 845.0471pt>
File: images/ellipseinscribed.pdf Graphic file (type pdf)

<use images/ellipseinscribed.pdf>
Package pdftex.def Info: images/ellipseinscribed.pdf used on input line 78.
(pdftex.def)             Requested size: 210.92479pt x 211.26126pt.

Overfull \hbox (10.47304pt too wide) in alignment at lines 94--98
 [][][] []
 []


Overfull \hbox (105.71637pt too wide) in alignment at lines 100--102
 [][][] []
 []


Underfull \hbox (badness 2521) in paragraph at lines 102--104
\OT1/cmr/m/n/10 whose dis-crim-i-nant can be de-noted by
 []


Overfull \hbox (61.34427pt too wide) in paragraph at lines 111--111
[] 
 []

[4 <./images/ellipseinscribed.pdf>]
Overfull \hbox (135.87175pt too wide) in alignment at lines 116--118
 [][][] []
 []


LaTeX Warning: Reference `eqn:inclinedellipse' on page 5 undefined on input lin
e 124.


LaTeX Warning: Reference `sect:characterisation' on page 5 undefined on input l
ine 124.


Underfull \hbox (badness 2351) in paragraph at lines 132--132
[]\OT1/cmr/bx/n/10 3D Re-con-struc-tion Model & Er-ror
 []

<images/fluxropemodel.jpg, id=63, 1204.5pt x 602.25pt>
File: images/fluxropemodel.jpg Graphic file (type jpg)

<use images/fluxropemodel.jpg>
Package pdftex.def Info: images/fluxropemodel.jpg used on input line 136.
(pdftex.def)             Requested size: 240.89574pt x 120.44786pt.

Overfull \hbox (24.08574pt too wide) in paragraph at lines 136--137
[][] 
 []

<images/dets_splice.pdf, id=65, 1331.97626pt x 723.70375pt>
File: images/dets_splice.pdf Graphic file (type pdf)

<use images/dets_splice.pdf>
Package pdftex.def Info: images/dets_splice.pdf used on input line 142.
(pdftex.def)             Requested size: 216.81pt x 117.79372pt.

<images/model_recon_panels.pdf, id=66, 1912.14375pt x 1198.4775pt>
File: images/model_recon_panels.pdf Graphic file (type pdf)

<use images/model_recon_panels.pdf>
Package pdftex.def Info: images/model_recon_panels.pdf used on input line 148.
(pdftex.def)             Requested size: 478.03477pt x 299.61864pt.

Overfull \hbox (8.27979pt too wide) in paragraph at lines 148--149
 [][] 
 []

LaTeX Font Info:    Try loading font information for OMS+cmr on input line 156.

(/usr/local/texlive/2013/texmf-dist/tex/latex/base/omscmr.fd
File: omscmr.fd 1999/05/25 v2.5h Standard LaTeX font definitions
)
LaTeX Font Info:    Font shape `OMS/cmr/m/n' in size <10> not available
(Font)              Font shape `OMS/cmsy/m/n' tried instead on input line 156.
 [5 <./images/fluxropemodel.jpg> <./images/dets_splice.pdf>] [6 <./images/model
_recon_panels.pdf>]

LaTeX Warning: Reference `SOHO+STEREO_figure' on page 7 undefined on input line
 166.


LaTeX Warning: Reference `SOHO+STEREO_figure' on page 7 undefined on input line
 166.


LaTeX Warning: Reference `SOHO+STEREO_figure' on page 7 undefined on input line
 166.


LaTeX Warning: Reference `SOHO+STEREO_figure' on page 7 undefined on input line
 166.


LaTeX Warning: Reference `SOHO+STEREO_figure' on page 7 undefined on input line
 168.


LaTeX Warning: Reference `SOHO+STEREO_figure' on page 7 undefined on input line
 168.

[7] <images/ellipse_params.pdf, id=98, 1917.1625pt x 956.57375pt>
File: images/ellipse_params.pdf Graphic file (type pdf)

<use images/ellipse_params.pdf>
Package pdftex.def Info: images/ellipse_params.pdf used on input line 172.
(pdftex.def)             Requested size: 479.28946pt x 181.42722pt.

<images/12dec2008kins.pdf, id=99, 614.295pt x 794.97pt>
File: images/12dec2008kins.pdf Graphic file (type pdf)

<use images/12dec2008kins.pdf>
Package pdftex.def Info: images/12dec2008kins.pdf used on input line 181.
(pdftex.def)             Requested size: 219.85793pt x 219.85777pt.

Overfull \hbox (3.04793pt too wide) in paragraph at lines 181--182
 [][] 
 []

<images/kins_inspect.png, id=100, 568.0422pt x 995.3988pt>
File: images/kins_inspect.png Graphic file (type png)

<use images/kins_inspect.png>
Package pdftex.def Info: images/kins_inspect.png used on input line 187.
(pdftex.def)             Requested size: 397.62683pt x 584.35492pt.


LaTeX Warning: Float too large for page by 35.8429pt on input line 190.

[8 <./images/12dec2008kins.pdf>]
Overfull \hbox (1.4115pt too wide) in paragraph at lines 201--204
[]\OT1/cmr/m/n/10 This work is sup-ported by SHINE grant 0962716
 []

(./Byrne_etal_201406.bbl [9 <./images/ellipse_params.pdf>] [10 <./images/kins_i
nspect.png>])

Package natbib Warning: There were undefined citations.

[11] (./Byrne_etal_201406.aux)

LaTeX Warning: There were undefined references.

 ) 
Here is how much of TeX's memory you used:
 3543 strings out of 493315
 47866 string characters out of 6137904
 117137 words of memory out of 5000000
 6928 multiletter control sequences out of 15000+600000
 13189 words of font info for 54 fonts, out of 8000000 for 9000
 957 hyphenation exceptions out of 8191
 38i,9n,28p,2243b,299s stack positions out of 5000i,500n,10000p,200000b,80000s
</usr/local/texlive/2013/texmf-dist/fonts/type1/public/amsfonts/cm/cmbx10.pfb
></usr/local/texlive/2013/texmf-dist/fonts/type1/public/amsfonts/cm/cmbx12.pfb>
</usr/local/texlive/2013/texmf-dist/fonts/type1/public/amsfonts/cm/cmbxti10.pfb
></usr/local/texlive/2013/texmf-dist/fonts/type1/public/amsfonts/cm/cmex10.pfb>
</usr/local/texlive/2013/texmf-dist/fonts/type1/public/amsfonts/cm/cmmi10.pfb><
/usr/local/texlive/2013/texmf-dist/fonts/type1/public/amsfonts/cm/cmmi7.pfb></u
sr/local/texlive/2013/texmf-dist/fonts/type1/public/amsfonts/cm/cmr10.pfb></usr
/local/texlive/2013/texmf-dist/fonts/type1/public/amsfonts/cm/cmr12.pfb></usr/l
ocal/texlive/2013/texmf-dist/fonts/type1/public/amsfonts/cm/cmr6.pfb></usr/loca
l/texlive/2013/texmf-dist/fonts/type1/public/amsfonts/cm/cmr7.pfb></usr/local/t
exlive/2013/texmf-dist/fonts/type1/public/amsfonts/cm/cmr8.pfb></usr/local/texl
ive/2013/texmf-dist/fonts/type1/public/amsfonts/cm/cmr9.pfb></usr/local/texlive
/2013/texmf-dist/fonts/type1/public/amsfonts/cm/cmsy10.pfb></usr/local/texlive/
2013/texmf-dist/fonts/type1/public/amsfonts/cm/cmsy7.pfb></usr/local/texlive/20
13/texmf-dist/fonts/type1/public/amsfonts/cm/cmti10.pfb></usr/local/texlive/201
3/texmf-dist/fonts/type1/public/amsfonts/cm/cmti9.pfb>
Output written on Byrne_etal_201406.pdf (11 pages, 3538524 bytes).
PDF statistics:
 195 PDF objects out of 1000 (max. 8388607)
 126 compressed objects within 2 object streams
 0 named destinations out of 1000 (max. 500000)
 48 words of extra memory for PDF output out of 10000 (max. 10000000)

