This is pdfTeX, Version 3.1415926-1.40.11 (TeX Live 2010) (format=pdflatex 2011.1.11)  30 JUL 2013 11:44
entering extended mode
 \write18 enabled.
 file:line:error style messages enabled.
 %&-line parsing enabled.
**Byrne_etal_final.tex
(./Byrne_etal_final.tex
LaTeX2e <2009/09/24>
Babel <v3.8l> and hyphenation patterns for english, dumylang, nohyphenation, ge
rman-x-2009-06-19, ngerman-x-2009-06-19, afrikaans, ancientgreek, ibycus, arabi
c, armenian, basque, bulgarian, catalan, pinyin, coptic, croatian, czech, danis
h, dutch, ukenglish, usenglishmax, esperanto, estonian, farsi, finnish, french,
 galician, german, ngerman, swissgerman, monogreek, greek, hungarian, icelandic
, assamese, bengali, gujarati, hindi, kannada, malayalam, marathi, oriya, panja
bi, tamil, telugu, indonesian, interlingua, irish, italian, kurmanji, lao, lati
n, latvian, lithuanian, mongolian, mongolianlmc, bokmal, nynorsk, polish, portu
guese, romanian, russian, sanskrit, serbian, slovak, slovenian, spanish, swedis
h, turkish, turkmen, ukrainian, uppersorbian, welsh, loaded.
(./aa.cls
Document Class: aa 2006/06/01 v6.1 
LaTeX document class for Astronomy and Astrophysics journal
(/usr/local/texlive/2010/texmf-dist/tex/latex/base/fleqn.clo
File: fleqn.clo 1998/08/17 v1.1c Standard LaTeX option (flush left equations)
\mathindent=\dimen102
)
\logodepth=\dimen103
\headerboxheight=\dimen104
\betweenumberspace=\dimen105
\aftertext=\dimen106
\headlineindent=\dimen107
\c@inst=\count79
\c@auth=\count80
\instindent=\dimen108
\authrun=\box26
\authorrunning=\toks14
\titrun=\box27
\titlerunning=\toks15
\number@fw@rds=\count81
\c@section=\count82
\c@subsection=\count83
\c@subsubsection=\count84
\c@paragraph=\count85
\c@subparagraph=\count86
\c@theorem=\count87
\figgap=\dimen109
\c@append=\count88
\c@figure=\count89
\c@table=\count90
\abovecaptionskip=\skip41
\belowcaptionskip=\skip42
\figcapgap=\dimen110
\tabcapgap=\dimen111
\bibindent=\dimen112
) (./natbib.sty
Package: natbib 2006/03/22 7.3 (PWD)
\bibhang=\skip43
\bibsep=\skip44
LaTeX Info: Redefining \cite on input line 541.
\c@NAT@ctr=\count91
)
(/usr/local/texlive/2010/texmf-dist/tex/latex/graphics/graphicx.sty
Package: graphicx 1999/02/16 v1.0f Enhanced LaTeX Graphics (DPC,SPQR)

(/usr/local/texlive/2010/texmf-dist/tex/latex/graphics/keyval.sty
Package: keyval 1999/03/16 v1.13 key=value parser (DPC)
\KV@toks@=\toks16
)
(/usr/local/texlive/2010/texmf-dist/tex/latex/graphics/graphics.sty
Package: graphics 2009/02/05 v1.0o Standard LaTeX Graphics (DPC,SPQR)

(/usr/local/texlive/2010/texmf-dist/tex/latex/graphics/trig.sty
Package: trig 1999/03/16 v1.09 sin cos tan (DPC)
)
(/usr/local/texlive/2010/texmf-dist/tex/latex/latexconfig/graphics.cfg
File: graphics.cfg 2010/04/23 v1.9 graphics configuration of TeX Live
)
Package graphics Info: Driver file: pdftex.def on input line 91.

(/usr/local/texlive/2010/texmf-dist/tex/latex/pdftex-def/pdftex.def
File: pdftex.def 2010/11/26 v0.05c Graphics/color for pdfTeX
\Gread@gobject=\count92
))
\Gin@req@height=\dimen113
\Gin@req@width=\dimen114
)
(/usr/local/texlive/2010/texmf-dist/tex/latex/oberdiek/epstopdf.sty
Package: epstopdf 2010/02/09 v2.5 Conversion with epstopdf on the fly (HO)

(/usr/local/texlive/2010/texmf-dist/tex/latex/oberdiek/epstopdf-base.sty
Package: epstopdf-base 2010/02/09 v2.5 Base part for package epstopdf

(/usr/local/texlive/2010/texmf-dist/tex/generic/oberdiek/infwarerr.sty
Package: infwarerr 2010/04/08 v1.3 Providing info/warning/message (HO)
)
(/usr/local/texlive/2010/texmf-dist/tex/latex/oberdiek/grfext.sty
Package: grfext 2007/09/30 v1.0 Managing graphics extensions (HO)
)
(/usr/local/texlive/2010/texmf-dist/tex/latex/oberdiek/kvoptions.sty
Package: kvoptions 2010/02/22 v3.7 Keyval support for LaTeX options (HO)

(/usr/local/texlive/2010/texmf-dist/tex/generic/oberdiek/kvsetkeys.sty
Package: kvsetkeys 2010/03/01 v1.9 Key value parser (HO)

(/usr/local/texlive/2010/texmf-dist/tex/generic/oberdiek/etexcmds.sty
Package: etexcmds 2010/01/28 v1.3 Prefix for e-TeX command names (HO)
Package etexcmds Info: Could not find \expanded.
(etexcmds)             That can mean that you are not using pdfTeX 1.50 or
(etexcmds)             that some package has redefined \expanded.
(etexcmds)             In the latter case, load this package earlier.
)))
(/usr/local/texlive/2010/texmf-dist/tex/generic/oberdiek/pdftexcmds.sty
Package: pdftexcmds 2010/04/01 v0.9 Utility functions of pdfTeX for LuaTeX (HO)


(/usr/local/texlive/2010/texmf-dist/tex/generic/oberdiek/ifluatex.sty
Package: ifluatex 2010/03/01 v1.3 Provides the ifluatex switch (HO)
Package ifluatex Info: LuaTeX not detected.
)
(/usr/local/texlive/2010/texmf-dist/tex/generic/oberdiek/ltxcmds.sty
Package: ltxcmds 2010/04/26 v1.7 LaTeX kernel commands for general use (HO)
)
Package pdftexcmds Info: LuaTeX not detected.
Package pdftexcmds Info: \pdf@primitive is available.
Package pdftexcmds Info: \pdf@ifprimitive is available.
)
Package grfext Info: Graphics extension search list:
(grfext)             [.png,.pdf,.jpg,.mps,.jpeg,.jbig2,.jb2,.PNG,.PDF,.JPG,.JPE
G,.JBIG2,.JB2,.eps]
(grfext)             \AppendGraphicsExtensions on input line 436.

(/usr/local/texlive/2010/texmf-dist/tex/latex/latexconfig/epstopdf-sys.cfg
File: epstopdf-sys.cfg 2010/07/13 v1.3 Configuration of (r)epstopdf for TeX Liv
e
)))
(/usr/local/texlive/2010/texmf-dist/tex/latex/graphics/color.sty
Package: color 2005/11/14 v1.0j Standard LaTeX Color (DPC)

(/usr/local/texlive/2010/texmf-dist/tex/latex/latexconfig/color.cfg
File: color.cfg 2007/01/18 v1.5 color configuration of teTeX/TeXLive
)
Package color Info: Driver file: pdftex.def on input line 130.
)
(/usr/local/texlive/2010/texmf-dist/tex/latex/hyperref/hyperref.sty
Package: hyperref 2010/12/16 v6.81z Hypertext links for LaTeX

(/usr/local/texlive/2010/texmf-dist/tex/generic/oberdiek/ifpdf.sty
Package: ifpdf 2010/01/28 v2.1 Provides the ifpdf switch (HO)
Package ifpdf Info: pdfTeX in pdf mode detected.
)
(/usr/local/texlive/2010/texmf-dist/tex/generic/oberdiek/pdfescape.sty
Package: pdfescape 2010/03/01 v1.9 Provides hex, PDF name and string conversion
s (HO)
)
(/usr/local/texlive/2010/texmf-dist/tex/generic/oberdiek/ifvtex.sty
Package: ifvtex 2010/03/01 v1.5 Switches for detecting VTeX and its modes (HO)
Package ifvtex Info: VTeX not detected.
)
(/usr/local/texlive/2010/texmf-dist/tex/generic/ifxetex/ifxetex.sty
Package: ifxetex 2010/09/12 v0.6 Provides ifxetex conditional
)
(/usr/local/texlive/2010/texmf-dist/tex/latex/oberdiek/hycolor.sty
Package: hycolor 2009/12/12 v1.6 Color options of hyperref/bookmark (HO)

(/usr/local/texlive/2010/texmf-dist/tex/latex/oberdiek/xcolor-patch.sty
Package: xcolor-patch 2009/12/12 xcolor patch
))
(/usr/local/texlive/2010/texmf-dist/tex/latex/oberdiek/letltxmacro.sty
Package: letltxmacro 2008/06/24 v1.3 Let assignment for LaTeX macros (HO)
)
\@linkdim=\dimen115
\Hy@linkcounter=\count93
\Hy@pagecounter=\count94

(/usr/local/texlive/2010/texmf-dist/tex/latex/hyperref/pd1enc.def
File: pd1enc.def 2010/12/16 v6.81z Hyperref: PDFDocEncoding definition (HO)
)
(/usr/local/texlive/2010/texmf-dist/tex/generic/oberdiek/intcalc.sty
Package: intcalc 2007/09/27 v1.1 Expandable integer calculations (HO)
)
\Hy@SavedSpaceFactor=\count95

(/usr/local/texlive/2010/texmf-dist/tex/latex/latexconfig/hyperref.cfg
File: hyperref.cfg 2002/06/06 v1.2 hyperref configuration of TeXLive
)
Package hyperref Info: Hyper figures OFF on input line 3993.
Package hyperref Info: Link nesting OFF on input line 3998.
Package hyperref Info: Hyper index ON on input line 4001.
Package hyperref Info: Plain pages OFF on input line 4008.
Package hyperref Info: Backreferencing OFF on input line 4013.
Package hyperref Info: Implicit mode ON; LaTeX internals redefined.
Package hyperref Info: Bookmarks ON on input line 4231.
\c@Hy@tempcnt=\count96

(/usr/local/texlive/2010/texmf-dist/tex/latex/url/url.sty
\Urlmuskip=\muskip10
Package: url 2006/04/12  ver 3.3  Verb mode for urls, etc.
)
LaTeX Info: Redefining \url on input line 4584.

(/usr/local/texlive/2010/texmf-dist/tex/generic/oberdiek/bitset.sty
Package: bitset 2007/09/28 v1.0 Data type bit set (HO)

(/usr/local/texlive/2010/texmf-dist/tex/generic/oberdiek/bigintcalc.sty
Package: bigintcalc 2007/11/11 v1.1 Expandable big integer calculations (HO)
))
\Fld@menulength=\count97
\Field@Width=\dimen116
\Fld@charsize=\dimen117
Package hyperref Info: Hyper figures OFF on input line 5668.
Package hyperref Info: Link nesting OFF on input line 5673.
Package hyperref Info: Hyper index ON on input line 5676.
Package hyperref Info: backreferencing OFF on input line 5683.
Package hyperref Info: Link coloring OFF on input line 5688.
Package hyperref Info: Link coloring with OCG OFF on input line 5693.
Package hyperref Info: PDF/A mode OFF on input line 5698.
LaTeX Info: Redefining \ref on input line 5738.
LaTeX Info: Redefining \pageref on input line 5742.

(/usr/local/texlive/2010/texmf-dist/tex/generic/oberdiek/atbegshi.sty
Package: atbegshi 2010/03/25 v1.12 At begin shipout hook (HO)
)
\Hy@abspage=\count98
\c@Item=\count99
\c@Hfootnote=\count100
)

Package hyperref Message: Driver (autodetected): hpdftex.

(/usr/local/texlive/2010/texmf-dist/tex/latex/hyperref/hpdftex.def
File: hpdftex.def 2010/12/16 v6.81z Hyperref driver for pdfTeX

(/usr/local/texlive/2010/texmf-dist/tex/latex/oberdiek/atveryend.sty
Package: atveryend 2010/03/24 v1.5 Hooks at very end of document (HO)
Package atveryend Info: \enddocument detected (standard).
)
\Fld@listcount=\count101
\c@bookmark@seq@number=\count102

(/usr/local/texlive/2010/texmf-dist/tex/latex/oberdiek/rerunfilecheck.sty
Package: rerunfilecheck 2010/03/16 v1.6 Rerun checks for auxiliary files (HO)

(/usr/local/texlive/2010/texmf-dist/tex/generic/oberdiek/uniquecounter.sty
Package: uniquecounter 2009/12/18 v1.1 Provides unlimited unique counter (HO)
)
Package uniquecounter Info: New unique counter `rerunfilecheck' on input line 2
71.
)
\Hy@SectionHShift=\skip45
)
Package hyperref Info: Option `colorlinks' set `true' on input line 8.

(/usr/local/texlive/2010/texmf-dist/tex/latex/subfigure/subfigure.sty
Package: subfigure 2002/03/15 v2.1.5 subfigure package
\subfigtopskip=\skip46
\subfigcapskip=\skip47
\subfigcaptopadj=\dimen118
\subfigbottomskip=\skip48
\subfigcapmargin=\dimen119
\subfiglabelskip=\skip49
\c@subfigure=\count103
\c@lofdepth=\count104
\c@subtable=\count105
\c@lotdepth=\count106

****************************************
* Local config file subfigure.cfg used *
****************************************
(/usr/local/texlive/2010/texmf-dist/tex/latex/subfigure/subfigure.cfg)
\subfig@top=\skip50
\subfig@bottom=\skip51
)

LaTeX Warning: Unused global option(s):
    [structabstract].

(./Byrne_etal_final.aux)
\openout1 = `Byrne_etal_final.aux'.

LaTeX Font Info:    Checking defaults for OML/cmm/m/it on input line 20.
LaTeX Font Info:    ... okay on input line 20.
LaTeX Font Info:    Checking defaults for T1/cmr/m/n on input line 20.
LaTeX Font Info:    ... okay on input line 20.
LaTeX Font Info:    Checking defaults for OT1/cmr/m/n on input line 20.
LaTeX Font Info:    ... okay on input line 20.
LaTeX Font Info:    Checking defaults for OMS/cmsy/m/n on input line 20.
LaTeX Font Info:    ... okay on input line 20.
LaTeX Font Info:    Checking defaults for OMX/cmex/m/n on input line 20.
LaTeX Font Info:    ... okay on input line 20.
LaTeX Font Info:    Checking defaults for U/cmr/m/n on input line 20.
LaTeX Font Info:    ... okay on input line 20.
LaTeX Font Info:    Checking defaults for PD1/pdf/m/n on input line 20.
LaTeX Font Info:    ... okay on input line 20.

(/usr/local/texlive/2010/texmf-dist/tex/context/base/supp-pdf.mkii
[Loading MPS to PDF converter (version 2006.09.02).]
\scratchcounter=\count107
\scratchdimen=\dimen120
\scratchbox=\box28
\nofMPsegments=\count108
\nofMParguments=\count109
\everyMPshowfont=\toks17
\MPscratchCnt=\count110
\MPscratchDim=\dimen121
\MPnumerator=\count111
\everyMPtoPDFconversion=\toks18
)
\AtBeginShipoutBox=\box29
Package hyperref Info: Link coloring ON on input line 20.
 (/usr/local/texlive/2010/texmf-dist/tex/latex/hyperref/nameref.sty
Package: nameref 2010/04/30 v2.40 Cross-referencing by name of section

(/usr/local/texlive/2010/texmf-dist/tex/latex/oberdiek/refcount.sty
Package: refcount 2008/08/11 v3.1 Data extraction from references (HO)
)
(/usr/local/texlive/2010/texmf-dist/tex/generic/oberdiek/gettitlestring.sty
Package: gettitlestring 2009/12/18 v1.3 Cleanup title references (HO)
)
\c@section@level=\count112
)
LaTeX Info: Redefining \ref on input line 20.
LaTeX Info: Redefining \pageref on input line 20.
LaTeX Info: Redefining \nameref on input line 20.

(./Byrne_etal_final.out) (./Byrne_etal_final.out)
\@outlinefile=\write3
\openout3 = `Byrne_etal_final.out'.

LaTeX Font Info:    Try loading font information for OMS+cmr on input line 71.

(/usr/local/texlive/2010/texmf-dist/tex/latex/base/omscmr.fd
File: omscmr.fd 1999/05/25 v2.5h Standard LaTeX font definitions
)
LaTeX Font Info:    Font shape `OMS/cmr/m/n' in size <10> not available
(Font)              Font shape `OMS/cmsy/m/n' tried instead on input line 71.
LaTeX Font Info:    External font `cmex10' loaded for size
(Font)              <7> on input line 71.
LaTeX Font Info:    External font `cmex10' loaded for size
(Font)              <5> on input line 71.
LaTeX Font Info:    External font `cmex10' loaded for size
(Font)              <10.95> on input line 71.
LaTeX Font Info:    External font `cmex10' loaded for size
(Font)              <8> on input line 71.
LaTeX Font Info:    External font `cmex10' loaded for size
(Font)              <6> on input line 71.
LaTeX Font Info:    External font `cmex10' loaded for size
(Font)              <9> on input line 71.


LaTeX Font Warning: Font shape `OT1/cmss/m/it' in size <9> not available
(Font)              Font shape `OT1/cmss/m/sl' tried instead on input line 71.


Underfull \vbox (badness 5667) has occurred while \output is active []


Underfull \vbox (badness 10000) has occurred while \output is active []

 [1{/usr/local/texlive/2010/texmf-var/fonts/map/pdftex/updmap/pdftex.map}


]
Package epstopdf Info: Source file: <images/sim_kins42.eps>
(epstopdf)                    date: 2013-02-04 17:53:07
(epstopdf)                    size: 31855 bytes
(epstopdf)             Output file: <images/sim_kins42-eps-converted-to.pdf>
(epstopdf)                    date: 2013-02-04 17:53:07
(epstopdf)                    size: 15340 bytes
(epstopdf)             Command: <epstopdf --outfile=images/sim_kins42-eps-conve
rted-to.pdf images/sim_kins42.eps>
(epstopdf)             \includegraphics on input line 95.
Package epstopdf Info: Output file is already uptodate.

<images/sim_kins42-eps-converted-to.pdf, id=168, 505.89pt x 722.7pt>
File: images/sim_kins42-eps-converted-to.pdf Graphic file (type pdf)

<use images/sim_kins42-eps-converted-to.pdf>
Package epstopdf Info: Source file: <images/sim_kins36.eps>
(epstopdf)                    date: 2013-02-04 17:53:06
(epstopdf)                    size: 31859 bytes
(epstopdf)             Output file: <images/sim_kins36-eps-converted-to.pdf>
(epstopdf)                    date: 2013-02-04 17:53:06
(epstopdf)                    size: 15335 bytes
(epstopdf)             Command: <epstopdf --outfile=images/sim_kins36-eps-conve
rted-to.pdf images/sim_kins36.eps>
(epstopdf)             \includegraphics on input line 96.
Package epstopdf Info: Output file is already uptodate.

<images/sim_kins36-eps-converted-to.pdf, id=169, 505.89pt x 722.7pt>
File: images/sim_kins36-eps-converted-to.pdf Graphic file (type pdf)

<use images/sim_kins36-eps-converted-to.pdf>
Package epstopdf Info: Source file: <images/noise_hist_jpb.eps>
(epstopdf)                    date: 2013-05-15 00:34:06
(epstopdf)                    size: 58676 bytes
(epstopdf)             Output file: <images/noise_hist_jpb-eps-converted-to.pdf
>
(epstopdf)                    date: 2013-05-15 00:41:09
(epstopdf)                    size: 29017 bytes
(epstopdf)             Command: <epstopdf --outfile=images/noise_hist_jpb-eps-c
onverted-to.pdf images/noise_hist_jpb.eps>
(epstopdf)             \includegraphics on input line 117.
Package epstopdf Info: Output file is already uptodate.

<images/noise_hist_jpb-eps-converted-to.pdf, id=172, 426.59375pt x 568.1225pt>
File: images/noise_hist_jpb-eps-converted-to.pdf Graphic file (type pdf)

<use images/noise_hist_jpb-eps-converted-to.pdf>
Underfull \hbox (badness 1019) in paragraph at lines 118--118
\OT1/cmr/m/n/10 value, at a fixed ca-dence of $300$s, and the re-sult-ing
 []

Package epstopdf Info: Source file: <images/cad_hist_jpb.eps>
(epstopdf)                    date: 2013-05-15 00:30:04
(epstopdf)                    size: 76934 bytes
(epstopdf)             Output file: <images/cad_hist_jpb-eps-converted-to.pdf>
(epstopdf)                    date: 2013-05-15 00:41:24
(epstopdf)                    size: 38698 bytes
(epstopdf)             Command: <epstopdf --outfile=images/cad_hist_jpb-eps-con
verted-to.pdf images/cad_hist_jpb.eps>
(epstopdf)             \includegraphics on input line 125.
Package epstopdf Info: Output file is already uptodate.
<images/cad_hist_jpb-eps-converted-to.pdf, id=173, 426.59375pt x 568.1225pt>
File: images/cad_hist_jpb-eps-converted-to.pdf Graphic file (type pdf)

<use images/cad_hist_jpb-eps-converted-to.pdf>
Package epstopdf Info: Source file: <images/fig_noise_cad.eps>
(epstopdf)                    date: 2013-02-04 17:52:57
(epstopdf)                    size: 525325 bytes
(epstopdf)             Output file: <images/fig_noise_cad-eps-converted-to.pdf>

(epstopdf)                    date: 2013-05-01 03:12:06
(epstopdf)                    size: 449969 bytes
(epstopdf)             Command: <epstopdf --outfile=images/fig_noise_cad-eps-co
nverted-to.pdf images/fig_noise_cad.eps>
(epstopdf)             \includegraphics on input line 133.
Package epstopdf Info: Output file is already uptodate.

<images/fig_noise_cad-eps-converted-to.pdf, id=174, 511.9125pt x 226.8475pt>
File: images/fig_noise_cad-eps-converted-to.pdf Graphic file (type pdf)

<use images/fig_noise_cad-eps-converted-to.pdf>
Overfull \hbox (4.90726pt too wide) in paragraph at lines 133--134
 [] 
 []


LaTeX Font Warning: Font shape `OT1/cmss/m/it' in size <10> not available
(Font)              Font shape `OT1/cmss/m/sl' tried instead on input line 139.


[2]
Underfull \vbox (badness 2368) has occurred while \output is active []


Underfull \vbox (badness 10000) has occurred while \output is active []

 [3 <./images/sim_kins42-eps-converted-to.pdf> <./images/sim_kins36-eps-convert
ed-to.pdf>]
Package epstopdf Info: Source file: <images/fig_cadence_hva_12min.eps>
(epstopdf)                    date: 2013-07-22 11:59:14
(epstopdf)                    size: 304477 bytes
(epstopdf)             Output file: <images/fig_cadence_hva_12min-eps-converted
-to.pdf>
(epstopdf)                    date: 2013-07-22 12:00:51
(epstopdf)                    size: 102089 bytes
(epstopdf)             Command: <epstopdf --outfile=images/fig_cadence_hva_12mi
n-eps-converted-to.pdf images/fig_cadence_hva_12min.eps>
(epstopdf)             \includegraphics on input line 165.
Package epstopdf Info: Output file is already uptodate.

<images/fig_cadence_hva_12min-eps-converted-to.pdf, id=247, 426.59375pt x 568.1
225pt>
File: images/fig_cadence_hva_12min-eps-converted-to.pdf Graphic file (type pdf)

 <use images/fig_cadence_hva_12min-eps-converted-to.pdf>
Package epstopdf Info: Source file: <images/fig_cadence_hva_50min.eps>
(epstopdf)                    date: 2013-07-22 12:00:12
(epstopdf)                    size: 292468 bytes
(epstopdf)             Output file: <images/fig_cadence_hva_50min-eps-converted
-to.pdf>
(epstopdf)                    date: 2013-07-22 12:00:52
(epstopdf)                    size: 96521 bytes
(epstopdf)             Command: <epstopdf --outfile=images/fig_cadence_hva_50mi
n-eps-converted-to.pdf images/fig_cadence_hva_50min.eps>
(epstopdf)             \includegraphics on input line 166.
Package epstopdf Info: Output file is already uptodate.

<images/fig_cadence_hva_50min-eps-converted-to.pdf, id=248, 426.59375pt x 568.1
225pt>
File: images/fig_cadence_hva_50min-eps-converted-to.pdf Graphic file (type pdf)

 <use images/fig_cadence_hva_50min-eps-converted-to.pdf>
Package epstopdf Info: Source file: <images/fig_cadence_1.eps>
(epstopdf)                    date: 2013-02-04 17:52:55
(epstopdf)                    size: 19968 bytes
(epstopdf)             Output file: <images/fig_cadence_1-eps-converted-to.pdf>

(epstopdf)                    date: 2013-02-04 17:52:55
(epstopdf)                    size: 11718 bytes
(epstopdf)             Command: <epstopdf --outfile=images/fig_cadence_1-eps-co
nverted-to.pdf images/fig_cadence_1.eps>
(epstopdf)             \includegraphics on input line 167.
Package epstopdf Info: Output file is already uptodate.

<images/fig_cadence_1-eps-converted-to.pdf, id=249, 511.9125pt x 226.8475pt>
File: images/fig_cadence_1-eps-converted-to.pdf Graphic file (type pdf)

<use images/fig_cadence_1-eps-converted-to.pdf> [4 <./images/noise_hist_jpb-eps
-converted-to.pdf> <./images/cad_hist_jpb-eps-converted-to.pdf> <./images/fig_n
oise_cad-eps-converted-to.pdf>]
Underfull \vbox (badness 10000) has occurred while \output is active []

 [5 <./images/fig_cadence_hva_12min-eps-converted-to.pdf> <./images/fig_cadence
_hva_50min-eps-converted-to.pdf> <./images/fig_cadence_1-eps-converted-to.pdf>]
Package epstopdf Info: Source file: <images/cad_boot_weight_jpb.eps>
(epstopdf)                    date: 2013-05-15 00:54:10
(epstopdf)                    size: 71195 bytes
(epstopdf)             Output file: <images/cad_boot_weight_jpb-eps-converted-t
o.pdf>
(epstopdf)                    date: 2013-05-15 00:54:16
(epstopdf)                    size: 42963 bytes
(epstopdf)             Command: <epstopdf --outfile=images/cad_boot_weight_jpb-
eps-converted-to.pdf images/cad_boot_weight_jpb.eps>
(epstopdf)             \includegraphics on input line 207.
Package epstopdf Info: Output file is already uptodate.

<images/cad_boot_weight_jpb-eps-converted-to.pdf, id=301, 568.1225pt x 568.1225
pt>
File: images/cad_boot_weight_jpb-eps-converted-to.pdf Graphic file (type pdf)
 <use images/cad_boot_weight_jpb-eps-converted-to.pdf> [6 <./images/cad_boot_we
ight_jpb-eps-converted-to.pdf>]
Package epstopdf Info: Source file: <images/fig_bootstrap_quadratic.eps>
(epstopdf)                    date: 2013-07-22 13:01:02
(epstopdf)                    size: 3310569 bytes
(epstopdf)             Output file: <images/fig_bootstrap_quadratic-eps-convert
ed-to.pdf>
(epstopdf)                    date: 2013-07-22 13:04:00
(epstopdf)                    size: 984664 bytes
(epstopdf)             Command: <epstopdf --outfile=images/fig_bootstrap_quadra
tic-eps-converted-to.pdf images/fig_bootstrap_quadratic.eps>
(epstopdf)             \includegraphics on input line 221.
Package epstopdf Info: Output file is already uptodate.

<images/fig_bootstrap_quadratic-eps-converted-to.pdf, id=330, 426.59375pt x 568
.1225pt>
File: images/fig_bootstrap_quadratic-eps-converted-to.pdf Graphic file (type pd
f)
 <use images/fig_bootstrap_quadratic-eps-converted-to.pdf>
Package epstopdf Info: Source file: <images/fig_residuals_quadratic.eps>
(epstopdf)                    date: 2013-07-22 11:17:44
(epstopdf)                    size: 15333 bytes
(epstopdf)             Output file: <images/fig_residuals_quadratic-eps-convert
ed-to.pdf>
(epstopdf)                    date: 2013-07-22 11:21:34
(epstopdf)                    size: 9339 bytes
(epstopdf)             Command: <epstopdf --outfile=images/fig_residuals_quadra
tic-eps-converted-to.pdf images/fig_residuals_quadratic.eps>
(epstopdf)             \includegraphics on input line 222.
Package epstopdf Info: Output file is already uptodate.

<images/fig_residuals_quadratic-eps-converted-to.pdf, id=331, 426.59375pt x 226
.8475pt>
File: images/fig_residuals_quadratic-eps-converted-to.pdf Graphic file (type pd
f)
 <use images/fig_residuals_quadratic-eps-converted-to.pdf>
Package epstopdf Info: Source file: <images/fig_bootstrap_savgol.eps>
(epstopdf)                    date: 2013-07-22 13:03:17
(epstopdf)                    size: 3304766 bytes
(epstopdf)             Output file: <images/fig_bootstrap_savgol-eps-converted-
to.pdf>
(epstopdf)                    date: 2013-07-22 13:04:02
(epstopdf)                    size: 1214352 bytes
(epstopdf)             Command: <epstopdf --outfile=images/fig_bootstrap_savgol
-eps-converted-to.pdf images/fig_bootstrap_savgol.eps>
(epstopdf)             \includegraphics on input line 229.
Package epstopdf Info: Output file is already uptodate.

<images/fig_bootstrap_savgol-eps-converted-to.pdf, id=332, 426.59375pt x 568.12
25pt>
File: images/fig_bootstrap_savgol-eps-converted-to.pdf Graphic file (type pdf)
 <use images/fig_bootstrap_savgol-eps-converted-to.pdf>
Package epstopdf Info: Source file: <images/fig_residuals_savgol.eps>
(epstopdf)                    date: 2013-07-22 11:22:16
(epstopdf)                    size: 17003 bytes
(epstopdf)             Output file: <images/fig_residuals_savgol-eps-converted-
to.pdf>
(epstopdf)                    date: 2013-07-22 11:23:34
(epstopdf)                    size: 9856 bytes
(epstopdf)             Command: <epstopdf --outfile=images/fig_residuals_savgol
-eps-converted-to.pdf images/fig_residuals_savgol.eps>
(epstopdf)             \includegraphics on input line 230.
Package epstopdf Info: Output file is already uptodate.

<images/fig_residuals_savgol-eps-converted-to.pdf, id=333, 426.59375pt x 226.84
75pt>
File: images/fig_residuals_savgol-eps-converted-to.pdf Graphic file (type pdf)
 <use images/fig_residuals_savgol-eps-converted-to.pdf> [7 <./images/fig_bootst
rap_quadratic-eps-converted-to.pdf> <./images/fig_residuals_quadratic-eps-conve
rted-to.pdf> <./images/fig_bootstrap_savgol-eps-converted-to.pdf> <./images/fig
_residuals_savgol-eps-converted-to.pdf>]
Package epstopdf Info: Source file: <images/fit_kinscasestudy_CME.eps>
(epstopdf)                    date: 2013-07-22 13:20:45
(epstopdf)                    size: 6287632 bytes
(epstopdf)             Output file: <images/fit_kinscasestudy_CME-eps-converted
-to.pdf>
(epstopdf)                    date: 2013-07-22 13:21:48
(epstopdf)                    size: 2539044 bytes
(epstopdf)             Command: <epstopdf --outfile=images/fit_kinscasestudy_CM
E-eps-converted-to.pdf images/fit_kinscasestudy_CME.eps>
(epstopdf)             \includegraphics on input line 258.
Package epstopdf Info: Output file is already uptodate.

<images/fit_kinscasestudy_CME-eps-converted-to.pdf, id=378, 426.59375pt x 568.1
225pt>
File: images/fit_kinscasestudy_CME-eps-converted-to.pdf Graphic file (type pdf)

 <use images/fit_kinscasestudy_CME-eps-converted-to.pdf>
<images/20110112_150501.png, id=383, 1027.84pt x 1027.84pt>
File: images/20110112_150501.png Graphic file (type png)

<use images/20110112_150501.png>
Package epstopdf Info: Source file: <images/plot_kins_quartiles_20110112_savgol
.eps>
(epstopdf)                    date: 2013-07-22 13:17:48
(epstopdf)                    size: 291681 bytes
(epstopdf)             Output file: <images/plot_kins_quartiles_20110112_savgol
-eps-converted-to.pdf>
(epstopdf)                    date: 2013-07-22 13:19:52
(epstopdf)                    size: 123482 bytes
(epstopdf)             Command: <epstopdf --outfile=images/plot_kins_quartiles_
20110112_savgol-eps-converted-to.pdf images/plot_kins_quartiles_20110112_savgol
.eps>
(epstopdf)             \includegraphics on input line 266.
Package epstopdf Info: Output file is already uptodate.

<images/plot_kins_quartiles_20110112_savgol-eps-converted-to.pdf, id=384, 568.1
225pt x 853.1875pt>
File: images/plot_kins_quartiles_20110112_savgol-eps-converted-to.pdf Graphic f
ile (type pdf)

<use images/plot_kins_quartiles_20110112_savgol-eps-converted-to.pdf>
Overfull \hbox (1.40778pt too wide) in paragraph at lines 265--267
 [][] 
 []

[8]

LaTeX Warning: Text page 9 contains only floats.


Overfull \vbox (3.70825pt too high) has occurred while \output is active []


[9 <./images/fit_kinscasestudy_CME-eps-converted-to.pdf> <./images/20110112_150
501.png (PNG copy)> <./images/plot_kins_quartiles_20110112_savgol-eps-converted
-to.pdf>]
Package epstopdf Info: Source file: <images/fit_kinscasestudy_wave20071207.eps>

(epstopdf)                    date: 2013-05-02 00:48:57
(epstopdf)                    size: 350627 bytes
(epstopdf)             Output file: <images/fit_kinscasestudy_wave20071207-eps-
converted-to.pdf>
(epstopdf)                    date: 2013-05-02 00:50:07
(epstopdf)                    size: 132437 bytes
(epstopdf)             Command: <epstopdf --outfile=images/fit_kinscasestudy_wa
ve20071207-eps-converted-to.pdf images/fit_kinscasestudy_wave20071207.eps>
(epstopdf)             \includegraphics on input line 281.
Package epstopdf Info: Output file is already uptodate.

<images/fit_kinscasestudy_wave20071207-eps-converted-to.pdf, id=413, 426.59375p
t x 568.1225pt>
File: images/fit_kinscasestudy_wave20071207-eps-converted-to.pdf Graphic file (
type pdf)

<use images/fit_kinscasestudy_wave20071207-eps-converted-to.pdf>
Package epstopdf Info: Source file: <images/CorPITA_pulse_211_20100814.eps>
(epstopdf)                    date: 2013-06-16 17:29:54
(epstopdf)                    size: 4854744 bytes
(epstopdf)             Output file: <images/CorPITA_pulse_211_20100814-eps-conv
erted-to.pdf>
(epstopdf)                    date: 2013-06-16 17:31:14
(epstopdf)                    size: 1126919 bytes
(epstopdf)             Command: <epstopdf --outfile=images/CorPITA_pulse_211_20
100814-eps-converted-to.pdf images/CorPITA_pulse_211_20100814.eps>
(epstopdf)             \includegraphics on input line 289.
Package epstopdf Info: Output file is already uptodate.

<images/CorPITA_pulse_211_20100814-eps-converted-to.pdf, id=418, 426.59375pt x 
426.59375pt>
File: images/CorPITA_pulse_211_20100814-eps-converted-to.pdf Graphic file (type
 pdf)
 <use images/CorPITA_pulse_211_20100814-eps-converted-to.pdf>
<images/plot_kins_wave_20100814_savgol.pdf, id=419, 568.1225pt x 853.1875pt>
File: images/plot_kins_wave_20100814_savgol.pdf Graphic file (type pdf)

<use images/plot_kins_wave_20100814_savgol.pdf>
Overfull \hbox (0.95685pt too wide) in paragraph at lines 289--291
 [][] 
 []


LaTeX Warning: Text page 10 contains only floats.

[10 <./images/fit_kinscasestudy_wave20071207-eps-converted-to.pdf> <./images/Co
rPITA_pulse_211_20100814-eps-converted-to.pdf> <./images/plot_kins_wave_2010081
4_savgol.pdf>]
Underfull \vbox (badness 8132) has occurred while \output is active []

 [11]
(./Byrne_etal_final.bbl
Underfull \hbox (badness 7203) in paragraph at lines 79--80
[]\OT1/cmr/m/n/8 Gopalswamy, N., Lara, A., Lepping, R. P., et al. 2000,
 []

)
Package atveryend Info: Empty hook `BeforeClearDocument' on input line 323.
 [12]
Package atveryend Info: Empty hook `AfterLastShipout' on input line 323.
 (./Byrne_etal_final.aux)
Package atveryend Info: Executing hook `AtVeryEndDocument' on input line 323.
Package rerunfilecheck Info: File `Byrne_etal_final.out' has not changed.
(rerunfilecheck)             Checksum: 27AB7C254085D6384A69C1DF1A5C7F37;592.


LaTeX Warning: Label(s) may have changed. Rerun to get cross-references right.

 ) 
Here is how much of TeX's memory you used:
 5926 strings out of 493738
 89490 string characters out of 3143023
 208336 words of memory out of 3000000
 8989 multiletter control sequences out of 15000+200000
 15028 words of font info for 51 fonts, out of 3000000 for 9000
 714 hyphenation exceptions out of 8191
 41i,13n,28p,2224b,371s stack positions out of 5000i,500n,10000p,200000b,50000s
</usr/local/texlive/2010/texmf-dist/fonts/type1/public/amsfonts/cm/cmbx10.pfb
></usr/local/texlive/2010/texmf-dist/fonts/type1/public/amsfonts/cm/cmcsc10.pfb
></usr/local/texlive/2010/texmf-dist/fonts/type1/public/amsfonts/cm/cmex10.pfb>
</usr/local/texlive/2010/texmf-dist/fonts/type1/public/amsfonts/cm/cmmi10.pfb><
/usr/local/texlive/2010/texmf-dist/fonts/type1/public/amsfonts/cm/cmmi5.pfb></u
sr/local/texlive/2010/texmf-dist/fonts/type1/public/amsfonts/cm/cmmi7.pfb></usr
/local/texlive/2010/texmf-dist/fonts/type1/public/amsfonts/cm/cmmi8.pfb></usr/l
ocal/texlive/2010/texmf-dist/fonts/type1/public/amsfonts/cm/cmmi9.pfb></usr/loc
al/texlive/2010/texmf-dist/fonts/type1/public/amsfonts/cm/cmmib10.pfb></usr/loc
al/texlive/2010/texmf-dist/fonts/type1/public/amsfonts/cm/cmr10.pfb></usr/local
/texlive/2010/texmf-dist/fonts/type1/public/amsfonts/cm/cmr5.pfb></usr/local/te
xlive/2010/texmf-dist/fonts/type1/public/amsfonts/cm/cmr6.pfb></usr/local/texli
ve/2010/texmf-dist/fonts/type1/public/amsfonts/cm/cmr7.pfb></usr/local/texlive/
2010/texmf-dist/fonts/type1/public/amsfonts/cm/cmr8.pfb></usr/local/texlive/201
0/texmf-dist/fonts/type1/public/amsfonts/cm/cmr9.pfb></usr/local/texlive/2010/t
exmf-dist/fonts/type1/public/amsfonts/cm/cmsl10.pfb></usr/local/texlive/2010/te
xmf-dist/fonts/type1/public/amsfonts/cm/cmssbx10.pfb></usr/local/texlive/2010/t
exmf-dist/fonts/type1/public/amsfonts/cm/cmssi10.pfb></usr/local/texlive/2010/t
exmf-dist/fonts/type1/public/amsfonts/cm/cmssi9.pfb></usr/local/texlive/2010/te
xmf-dist/fonts/type1/public/amsfonts/cm/cmsy10.pfb></usr/local/texlive/2010/tex
mf-dist/fonts/type1/public/amsfonts/cm/cmsy7.pfb></usr/local/texlive/2010/texmf
-dist/fonts/type1/public/amsfonts/cm/cmsy9.pfb></usr/local/texlive/2010/texmf-d
ist/fonts/type1/public/amsfonts/cm/cmti10.pfb></usr/local/texlive/2010/texmf-di
st/fonts/type1/public/amsfonts/cm/cmti8.pfb></usr/local/texlive/2010/texmf-dist
/fonts/type1/public/amsfonts/cm/cmti9.pfb></usr/local/texlive/2010/texmf-dist/f
onts/type1/public/amsfonts/cm/cmtt9.pfb>
Output written on Byrne_etal_final.pdf (12 pages, 9872457 bytes).
PDF statistics:
 584 PDF objects out of 1000 (max. 8388607)
 502 compressed objects within 6 object streams
 112 named destinations out of 1000 (max. 500000)
 174 words of extra memory for PDF output out of 10000 (max. 10000000)

