This is pdfTeX, Version 3.1415926-2.4-1.40.13 (TeX Live 2012) (format=pdflatex 2012.8.20)  1 OCT 2013 21:07
entering extended mode
 restricted \write18 enabled.
 file:line:error style messages enabled.
 %&-line parsing enabled.
**Byrne_etal_SWAP_20131001.tex
(./Byrne_etal_SWAP_20131001.tex
LaTeX2e <2011/06/27>
Babel <v3.8m> and hyphenation patterns for english, dumylang, nohyphenation, ge
rman-x-2012-05-30, ngerman-x-2012-05-30, afrikaans, ancientgreek, ibycus, arabi
c, armenian, basque, bulgarian, catalan, pinyin, coptic, croatian, czech, danis
h, dutch, ukenglish, usenglishmax, esperanto, estonian, ethiopic, farsi, finnis
h, french, friulan, galician, german, ngerman, swissgerman, monogreek, greek, h
ungarian, icelandic, assamese, bengali, gujarati, hindi, kannada, malayalam, ma
rathi, oriya, panjabi, tamil, telugu, indonesian, interlingua, irish, italian, 
kurmanji, latin, latvian, lithuanian, mongolian, mongolianlmc, bokmal, nynorsk,
 polish, portuguese, romanian, romansh, russian, sanskrit, serbian, serbianc, s
lovak, slovenian, spanish, swedish, turkish, turkmen, ukrainian, uppersorbian, 
welsh, loaded.
(./solarphysics.cls
Document Class: solarphysics 2011/09/20 (version 1.8) Springer base document cl
ass for "Solar Physics" journal
(/usr/local/texlive/2012/texmf-dist/tex/latex/amsfonts/amssymb.sty
Package: amssymb 2009/06/22 v3.00

(/usr/local/texlive/2012/texmf-dist/tex/latex/amsfonts/amsfonts.sty
Package: amsfonts 2009/06/22 v3.00 Basic AMSFonts support


Package amsfonts Warning: The 'psamsfonts' option is obsolete in AMSFonts v3.

\@emptytoks=\toks14
\symAMSa=\mathgroup4
\symAMSb=\mathgroup5
LaTeX Font Info:    Overwriting math alphabet `\mathfrak' in version `bold'
(Font)                  U/euf/m/n --> U/euf/b/n on input line 96.
)) (/usr/local/texlive/2012/texmf-dist/tex/latex/wasysym/wasysym.sty
Package: wasysym 2003/10/30 v2.0 Wasy-2 symbol support package
\symwasy=\mathgroup6
LaTeX Font Info:    Overwriting symbol font `wasy' in version `bold'
(Font)                  U/wasy/m/n --> U/wasy/b/n on input line 90.
)
\@cla=\count79
\@clb=\count80
\bdj=\box26
\tracingkluwer=\count81
\id@boxheight=\dimen102
\topsepm@th=\skip41
\aobox=\box27
\@temptokenb=\toks15
\cnt@authors=\count82
\cnt@institutes=\count83
\@abstractbox=\box28
\mottobox=\box29
\logotoks=\toks16
\c@outputpage=\count84
\c@article=\count85
\stretchtabsep=\skip42
\maxfloatwidth=\dimen103
\figtabbox=\box30
\floatindent=\dimen104
\@tabskip=\dimen105
\captionskip=\dimen106
\@tabwidth=\dimen107
\captionindent=\dimen108
\@floatcaption=\toks17
\abovecaptionskip=\skip43
\belowcaptionskip=\skip44
\c@table=\count86
\c@tabnote=\count87
\c@figure=\count88
\c@algorithm=\count89
\rotdimen=\dimen109
\c@endnote=\count90
\endnotesep=\dimen110
\@endnotes=\write3
\bibhang=\skip45

Springer -- Named references
\eqnoindent=\dimen111
\theoremsep=\dimen112
\dispsep=\dimen113
\items@ve=\skip46
\labels@ve=\skip47
\c@part=\count91
\c@section=\count92
\c@subsection=\count93
\c@subsubsection=\count94
\c@paragraph=\count95
\c@subparagraph=\count96
) (./spr-sola-addons.sty
Package: spr-sola-addons 2011/09/20Springer style for SOLA journal (DG)
)
(/usr/local/texlive/2012/texmf-dist/tex/latex/graphics/graphicx.sty
Package: graphicx 1999/02/16 v1.0f Enhanced LaTeX Graphics (DPC,SPQR)

(/usr/local/texlive/2012/texmf-dist/tex/latex/graphics/keyval.sty
Package: keyval 1999/03/16 v1.13 key=value parser (DPC)
\KV@toks@=\toks18
)
(/usr/local/texlive/2012/texmf-dist/tex/latex/graphics/graphics.sty
Package: graphics 2009/02/05 v1.0o Standard LaTeX Graphics (DPC,SPQR)

(/usr/local/texlive/2012/texmf-dist/tex/latex/graphics/trig.sty
Package: trig 1999/03/16 v1.09 sin cos tan (DPC)
)
(/usr/local/texlive/2012/texmf-dist/tex/latex/latexconfig/graphics.cfg
File: graphics.cfg 2010/04/23 v1.9 graphics configuration of TeX Live
)
Package graphics Info: Driver file: pdftex.def on input line 91.

(/usr/local/texlive/2012/texmf-dist/tex/latex/pdftex-def/pdftex.def
File: pdftex.def 2011/05/27 v0.06d Graphics/color for pdfTeX

(/usr/local/texlive/2012/texmf-dist/tex/generic/oberdiek/infwarerr.sty
Package: infwarerr 2010/04/08 v1.3 Providing info/warning/error messages (HO)
)
(/usr/local/texlive/2012/texmf-dist/tex/generic/oberdiek/ltxcmds.sty
Package: ltxcmds 2011/11/09 v1.22 LaTeX kernel commands for general use (HO)
)
\Gread@gobject=\count97
))
\Gin@req@height=\dimen114
\Gin@req@width=\dimen115
)
(/usr/local/texlive/2012/texmf-dist/tex/latex/graphics/color.sty
Package: color 2005/11/14 v1.0j Standard LaTeX Color (DPC)

(/usr/local/texlive/2012/texmf-dist/tex/latex/latexconfig/color.cfg
File: color.cfg 2007/01/18 v1.5 color configuration of teTeX/TeXLive
)
Package color Info: Driver file: pdftex.def on input line 130.
)
(/usr/local/texlive/2012/texmf-dist/tex/latex/url/url.sty
\Urlmuskip=\muskip10
Package: url 2006/04/12  ver 3.3  Verb mode for urls, etc.
)
(./Byrne_etal_SWAP_20131001.aux)
\openout1 = `Byrne_etal_SWAP_20131001.aux'.

LaTeX Font Info:    Checking defaults for OML/cmm/m/it on input line 39.
LaTeX Font Info:    ... okay on input line 39.
LaTeX Font Info:    Checking defaults for T1/cmr/m/n on input line 39.
LaTeX Font Info:    ... okay on input line 39.
LaTeX Font Info:    Checking defaults for OT1/cmr/m/n on input line 39.
LaTeX Font Info:    ... okay on input line 39.
LaTeX Font Info:    Checking defaults for OMS/cmsy/m/n on input line 39.
LaTeX Font Info:    ... okay on input line 39.
LaTeX Font Info:    Checking defaults for OMX/cmex/m/n on input line 39.
LaTeX Font Info:    ... okay on input line 39.
LaTeX Font Info:    Checking defaults for U/cmr/m/n on input line 39.
LaTeX Font Info:    ... okay on input line 39.

(/usr/local/texlive/2012/texmf-dist/tex/context/base/supp-pdf.mkii
[Loading MPS to PDF converter (version 2006.09.02).]
\scratchcounter=\count98
\scratchdimen=\dimen116
\scratchbox=\box31
\nofMPsegments=\count99
\nofMParguments=\count100
\everyMPshowfont=\toks19
\MPscratchCnt=\count101
\MPscratchDim=\dimen117
\MPnumerator=\count102
\makeMPintoPDFobject=\count103
\everyMPtoPDFconversion=\toks20
) (/usr/local/texlive/2012/texmf-dist/tex/generic/oberdiek/pdftexcmds.sty
Package: pdftexcmds 2011/11/29 v0.20 Utility functions of pdfTeX for LuaTeX (HO
)

(/usr/local/texlive/2012/texmf-dist/tex/generic/oberdiek/ifluatex.sty
Package: ifluatex 2010/03/01 v1.3 Provides the ifluatex switch (HO)
Package ifluatex Info: LuaTeX not detected.
)
(/usr/local/texlive/2012/texmf-dist/tex/generic/oberdiek/ifpdf.sty
Package: ifpdf 2011/01/30 v2.3 Provides the ifpdf switch (HO)
Package ifpdf Info: pdfTeX in PDF mode is detected.
)
Package pdftexcmds Info: LuaTeX not detected.
Package pdftexcmds Info: \pdf@primitive is available.
Package pdftexcmds Info: \pdf@ifprimitive is available.
Package pdftexcmds Info: \pdfdraftmode found.
)
(/usr/local/texlive/2012/texmf-dist/tex/latex/oberdiek/epstopdf-base.sty
Package: epstopdf-base 2010/02/09 v2.5 Base part for package epstopdf

(/usr/local/texlive/2012/texmf-dist/tex/latex/oberdiek/grfext.sty
Package: grfext 2010/08/19 v1.1 Manage graphics extensions (HO)

(/usr/local/texlive/2012/texmf-dist/tex/generic/oberdiek/kvdefinekeys.sty
Package: kvdefinekeys 2011/04/07 v1.3 Define keys (HO)
))
(/usr/local/texlive/2012/texmf-dist/tex/latex/oberdiek/kvoptions.sty
Package: kvoptions 2011/06/30 v3.11 Key value format for package options (HO)

(/usr/local/texlive/2012/texmf-dist/tex/generic/oberdiek/kvsetkeys.sty
Package: kvsetkeys 2012/04/25 v1.16 Key value parser (HO)

(/usr/local/texlive/2012/texmf-dist/tex/generic/oberdiek/etexcmds.sty
Package: etexcmds 2011/02/16 v1.5 Avoid name clashes with e-TeX commands (HO)
Package etexcmds Info: Could not find \expanded.
(etexcmds)             That can mean that you are not using pdfTeX 1.50 or
(etexcmds)             that some package has redefined \expanded.
(etexcmds)             In the latter case, load this package earlier.
)))
Package grfext Info: Graphics extension search list:
(grfext)             [.png,.pdf,.jpg,.mps,.jpeg,.jbig2,.jb2,.PNG,.PDF,.JPG,.JPE
G,.JBIG2,.JB2,.eps]
(grfext)             \AppendGraphicsExtensions on input line 452.

(/usr/local/texlive/2012/texmf-dist/tex/latex/latexconfig/epstopdf-sys.cfg
File: epstopdf-sys.cfg 2010/07/13 v1.3 Configuration of (r)epstopdf for TeX Liv
e
))
Article 1
LaTeX Font Info:    Try loading font information for U+msa on input line 75.
 (/usr/local/texlive/2012/texmf-dist/tex/latex/amsfonts/umsa.fd
File: umsa.fd 2009/06/22 v3.00 AMS symbols A
)
LaTeX Font Info:    Try loading font information for U+msb on input line 75.

(/usr/local/texlive/2012/texmf-dist/tex/latex/amsfonts/umsb.fd
File: umsb.fd 2009/06/22 v3.00 AMS symbols B
)
LaTeX Font Info:    Try loading font information for U+wasy on input line 75.

(/usr/local/texlive/2012/texmf-dist/tex/latex/wasysym/uwasy.fd
File: uwasy.fd 2003/10/30 v2.0 Wasy-2 symbol font definitions
)

LaTeX Font Warning: Font shape `OT1/cmr/m/n' in size <13> not available
(Font)              size <12> substituted on input line 86.


LaTeX Font Warning: Font shape `OT1/cmr/bx/n' in size <13> not available
(Font)              size <12> substituted on input line 86.


LaTeX Font Warning: Font shape `OT1/cmr/bx/it' in size <13> not available
(Font)              size <12> substituted on input line 86.


LaTeX Font Warning: Font shape `U/wasy/b/n' in size <7> not available
(Font)              Font shape `U/wasy/m/n' tried instead on input line 86.


LaTeX Font Warning: Font shape `U/wasy/b/n' in size <5> not available
(Font)              Font shape `U/wasy/m/n' tried instead on input line 86.

LaTeX Font Info:    Try loading font information for OMS+cmr on input line 86.
(/usr/local/texlive/2012/texmf-dist/tex/latex/base/omscmr.fd
File: omscmr.fd 1999/05/25 v2.5h Standard LaTeX font definitions
)
LaTeX Font Info:    Font shape `OMS/cmr/m/n' in size <8> not available
(Font)              Font shape `OMS/cmsy/m/n' tried instead on input line 86.
 Abstract
Keywords
Missing character: There is no Õ in font cmr10!

Underfull \vbox (badness 7030) has occurred while \output is active []

 [1{/usr/local/texlive/2012/texmf-var/fonts/map/pdftex/updmap/pdftex.map}]
<images/overlays.pdf, id=20, 794.97pt x 614.295pt>
File: images/overlays.pdf Graphic file (type pdf)
 <use images/overlays.pdf>
Package pdftex.def Info: images/overlays.pdf used on input line 101.
(pdftex.def)             Requested size: 240.29524pt x 222.22806pt.

Figure 1
Package epstopdf Info: Source file: <images/polar_fig_swap_20110308.eps>
(epstopdf)                    date: 2013-09-30 16:49:51
(epstopdf)                    size: 260836 bytes
(epstopdf)             Output file: <images/polar_fig_swap_20110308-eps-convert
ed-to.pdf>
(epstopdf)                    date: 2013-09-30 16:51:06
(epstopdf)                    size: 76904 bytes
(epstopdf)             Command: <repstopdf --outfile=images/polar_fig_swap_2011
0308-eps-converted-to.pdf images/polar_fig_swap_20110308.eps>
(epstopdf)             \includegraphics on input line 114.
Package epstopdf Info: Output file is already uptodate.

<images/polar_fig_swap_20110308-eps-converted-to.pdf, id=21, 853.1875pt x 568.1
225pt>
File: images/polar_fig_swap_20110308-eps-converted-to.pdf Graphic file (type pd
f)
 <use images/polar_fig_swap_20110308-eps-converted-to.pdf>
Package pdftex.def Info: images/polar_fig_swap_20110308-eps-converted-to.pdf us
ed on input line 114.
(pdftex.def)             Requested size: 341.26895pt x 227.24496pt.
 Figure 2
[2] [3 <./images/overlays.pdf>] [4 <./images/polar_fig_swap_20110308-eps-conver
ted-to.pdf>]
Package epstopdf Info: Source file: <images/combined_modgrad_points.eps>
(epstopdf)                    date: 2013-09-30 16:24:46
(epstopdf)                    size: 314573 bytes
(epstopdf)             Output file: <images/combined_modgrad_points-eps-convert
ed-to.pdf>
(epstopdf)                    date: 2013-09-30 16:26:25
(epstopdf)                    size: 90293 bytes
(epstopdf)             Command: <repstopdf --outfile=images/combined_modgrad_po
ints-eps-converted-to.pdf images/combined_modgrad_points.eps>
(epstopdf)             \includegraphics on input line 130.
Package epstopdf Info: Output file is already uptodate.

<images/combined_modgrad_points-eps-converted-to.pdf, id=49, 1706.375pt x 853.1
875pt>
File: images/combined_modgrad_points-eps-converted-to.pdf Graphic file (type pd
f)
 <use images/combined_modgrad_points-eps-converted-to.pdf>
Package pdftex.def Info: images/combined_modgrad_points-eps-converted-to.pdf us
ed on input line 130.
(pdftex.def)             Requested size: 341.26895pt x 170.63448pt.
 Figure 3
Package epstopdf Info: Source file: <images/combined.eps>
(epstopdf)                    date: 2013-09-24 14:54:17
(epstopdf)                    size: 21534055 bytes
(epstopdf)             Output file: <images/combined-eps-converted-to.pdf>
(epstopdf)                    date: 2013-09-25 16:42:32
(epstopdf)                    size: 4979874 bytes
(epstopdf)             Command: <repstopdf --outfile=images/combined-eps-conver
ted-to.pdf images/combined.eps>
(epstopdf)             \includegraphics on input line 138.
Package epstopdf Info: Output file is already uptodate.

<images/combined-eps-converted-to.pdf, id=50, 770.88pt x 685.56125pt>
File: images/combined-eps-converted-to.pdf Graphic file (type pdf)

<use images/combined-eps-converted-to.pdf>
Package pdftex.def Info: images/combined-eps-converted-to.pdf used on input lin
e 138.
(pdftex.def)             Requested size: 284.25691pt x 274.21964pt.
 Figure 4
Package epstopdf Info: Source file: <images/ells_fig.eps>
(epstopdf)                    date: 2013-09-25 16:16:13
(epstopdf)                    size: 41530 bytes
(epstopdf)             Output file: <images/ells_fig-eps-converted-to.pdf>
(epstopdf)                    date: 2013-09-25 16:47:49
(epstopdf)                    size: 25825 bytes
(epstopdf)             Command: <repstopdf --outfile=images/ells_fig-eps-conver
ted-to.pdf images/ells_fig.eps>
(epstopdf)             \includegraphics on input line 144.
Package epstopdf Info: Output file is already uptodate.

<images/ells_fig-eps-converted-to.pdf, id=52, 853.1875pt x 853.1875pt>
File: images/ells_fig-eps-converted-to.pdf Graphic file (type pdf)

<use images/ells_fig-eps-converted-to.pdf>
Package pdftex.def Info: images/ells_fig-eps-converted-to.pdf used on input lin
e 144.
(pdftex.def)             Requested size: 222.83414pt x 209.28337pt.
 Figure 5
Package epstopdf Info: Source file: <images/plot_heights_inner.eps>
(epstopdf)                    date: 2013-09-24 13:23:00
(epstopdf)                    size: 47717 bytes
(epstopdf)             Output file: <images/plot_heights_inner-eps-converted-to
.pdf>
(epstopdf)                    date: 2013-09-25 16:51:35
(epstopdf)                    size: 19947 bytes
(epstopdf)             Command: <repstopdf --outfile=images/plot_heights_inner-
eps-converted-to.pdf images/plot_heights_inner.eps>
(epstopdf)             \includegraphics on input line 150.
Package epstopdf Info: Output file is already uptodate.

<images/plot_heights_inner-eps-converted-to.pdf, id=54, 568.1225pt x 853.1875pt
>
File: images/plot_heights_inner-eps-converted-to.pdf Graphic file (type pdf)
 <use images/plot_heights_inner-eps-converted-to.pdf>
Package pdftex.def Info: images/plot_heights_inner-eps-converted-to.pdf used on
 input line 150.
(pdftex.def)             Requested size: 231.33975pt x 120.84854pt.
 Figure 6

LaTeX Warning: Reference `imk4_swap_figs' on page 5 undefined on input line 153
.

Package epstopdf Info: Source file: <images/plot_kins_quartiles_savgol_20110308
T194136_CMEcore_coronagraphs.eps>
(epstopdf)                    date: 2013-10-01 19:56:29
(epstopdf)                    size: 183951 bytes
(epstopdf)             Output file: <images/plot_kins_quartiles_savgol_20110308
T194136_CMEcore_coronagraphs-eps-converted-to.pdf>
(epstopdf)                    date: 2013-10-01 19:58:51
(epstopdf)                    size: 75377 bytes
(epstopdf)             Command: <repstopdf --outfile=images/plot_kins_quartiles
_savgol_20110308T194136_CMEcore_coronagraphs-eps-converted-to.pdf images/plot_k
ins_quartiles_savgol_20110308T194136_CMEcore_coronagraphs.eps>
(epstopdf)             \includegraphics on input line 156.
Package epstopdf Info: Output file is already uptodate.

<images/plot_kins_quartiles_savgol_20110308T194136_CMEcore_coronagraphs-eps-con
verted-to.pdf, id=56, 568.1225pt x 853.1875pt>
File: images/plot_kins_quartiles_savgol_20110308T194136_CMEcore_coronagraphs-ep
s-converted-to.pdf Graphic file (type pdf)

<use images/plot_kins_quartiles_savgol_20110308T194136_CMEcore_coronagraphs-eps
-converted-to.pdf>
Package pdftex.def Info: images/plot_kins_quartiles_savgol_20110308T194136_CMEc
ore_coronagraphs-eps-converted-to.pdf used on input line 156.
(pdftex.def)             Requested size: 345.27171pt x 379.41913pt.
 Figure 7

LaTeX Warning: Reference `ilasco_kins_temp' on page 5 undefined on input line 1
61.

[5 <./images/combined_modgrad_points-eps-converted-to.pdf>] [6 <./images/combin
ed-eps-converted-to.pdf>]
Underfull \vbox (badness 1783) has occurred while \output is active []

 [7 <./images/ells_fig-eps-converted-to.pdf> <./images/plot_heights_inner-eps-c
onverted-to.pdf>] [8 <./images/plot_kins_quartiles_savgol_20110308T194136_CMEco
re_coronagraphs-eps-converted-to.pdf>] <images/xrayflux.png, id=95, 602.25pt x 
602.25pt>
File: images/xrayflux.png Graphic file (type png)

<use images/xrayflux.png>
Package pdftex.def Info: images/xrayflux.png used on input line 173.
(pdftex.def)             Requested size: 210.79065pt x 210.79065pt.
 Figure 8 (./Byrne_etal_SWAP_20131001.bbl References
[9 <./images/xrayflux.png>]
Underfull \hbox (badness 1852) in paragraph at lines 140--152
[]\OT1/cmr/m/n/8 Druckm^^?ullerov^^Sa, H., Mor-gan, H., Hab-bal, S.R.: 2011, En
-hanc-ing Coro-nal Struc-tures
 []

[10]) [11] [12

] (./Byrne_etal_SWAP_20131001.aux)

LaTeX Font Warning: Size substitutions with differences
(Font)              up to 1.0pt have occurred.


LaTeX Warning: There were undefined references.

 ) 
Here is how much of TeX's memory you used:
 3068 strings out of 493488
 40198 string characters out of 3141326
 102432 words of memory out of 3000000
 6310 multiletter control sequences out of 15000+200000
 15218 words of font info for 58 fonts, out of 3000000 for 9000
 962 hyphenation exceptions out of 8191
 38i,10n,26p,2094b,392s stack positions out of 5000i,500n,10000p,200000b,50000s
</usr/local/texlive/2012/texmf-dist/fonts/type1/public/amsfonts/cm/cmbsy10.pf
b></usr/local/texlive/2012/texmf-dist/fonts/type1/public/amsfonts/cm/cmbx10.pfb
></usr/local/texlive/2012/texmf-dist/fonts/type1/public/amsfonts/cm/cmbx12.pfb>
</usr/local/texlive/2012/texmf-dist/fonts/type1/public/amsfonts/cm/cmbx8.pfb></
usr/local/texlive/2012/texmf-dist/fonts/type1/public/amsfonts/cm/cmbxti10.pfb><
/usr/local/texlive/2012/texmf-dist/fonts/type1/public/amsfonts/cm/cmmi10.pfb></
usr/local/texlive/2012/texmf-dist/fonts/type1/public/amsfonts/cm/cmmi8.pfb></us
r/local/texlive/2012/texmf-dist/fonts/type1/public/amsfonts/cm/cmr10.pfb></usr/
local/texlive/2012/texmf-dist/fonts/type1/public/amsfonts/cm/cmr6.pfb></usr/loc
al/texlive/2012/texmf-dist/fonts/type1/public/amsfonts/cm/cmr7.pfb></usr/local/
texlive/2012/texmf-dist/fonts/type1/public/amsfonts/cm/cmr8.pfb></usr/local/tex
live/2012/texmf-dist/fonts/type1/public/amsfonts/cm/cmss8.pfb></usr/local/texli
ve/2012/texmf-dist/fonts/type1/public/amsfonts/cm/cmsy10.pfb></usr/local/texliv
e/2012/texmf-dist/fonts/type1/public/amsfonts/cm/cmsy6.pfb></usr/local/texlive/
2012/texmf-dist/fonts/type1/public/amsfonts/cm/cmsy7.pfb></usr/local/texlive/20
12/texmf-dist/fonts/type1/public/amsfonts/cm/cmsy8.pfb></usr/local/texlive/2012
/texmf-dist/fonts/type1/public/amsfonts/cm/cmti10.pfb></usr/local/texlive/2012/
texmf-dist/fonts/type1/public/amsfonts/cm/cmti8.pfb></usr/local/texlive/2012/te
xmf-dist/fonts/type1/public/amsfonts/cm/cmtt8.pfb>
Output written on Byrne_etal_SWAP_20131001.pdf (12 pages, 5921250 bytes).
PDF statistics:
 172 PDF objects out of 1000 (max. 8388607)
 112 compressed objects within 2 object streams
 0 named destinations out of 1000 (max. 500000)
 71 words of extra memory for PDF output out of 10000 (max. 10000000)

