This is pdfTeX, Version 3.1415926-2.5-1.40.14 (TeX Live 2013) (format=pdflatex 2013.5.30)  18 JUN 2014 13:45
entering extended mode
 \write18 enabled.
 file:line:error style messages enabled.
 %&-line parsing enabled.
**Byrne_etal_SWAP_arXiv.tex
(./Byrne_etal_SWAP_arXiv.tex
LaTeX2e <2011/06/27>
Babel <3.9f> and hyphenation patterns for 78 languages loaded.
(./solarphysics.cls
Document Class: solarphysics 2011/09/20 (version 1.8) Springer base document cl
ass for "Solar Physics" journal
(/usr/local/texlive/2013/texmf-dist/tex/latex/amsfonts/amssymb.sty
Package: amssymb 2013/01/14 v3.01 AMS font symbols

(/usr/local/texlive/2013/texmf-dist/tex/latex/amsfonts/amsfonts.sty
Package: amsfonts 2013/01/14 v3.01 Basic AMSFonts support


Package amsfonts Warning: The 'psamsfonts' option is obsolete in AMSFonts v3.

\@emptytoks=\toks14
\symAMSa=\mathgroup4
\symAMSb=\mathgroup5
LaTeX Font Info:    Overwriting math alphabet `\mathfrak' in version `bold'
(Font)                  U/euf/m/n --> U/euf/b/n on input line 106.
)) (/usr/local/texlive/2013/texmf-dist/tex/latex/wasysym/wasysym.sty
Package: wasysym 2003/10/30 v2.0 Wasy-2 symbol support package
\symwasy=\mathgroup6
LaTeX Font Info:    Overwriting symbol font `wasy' in version `bold'
(Font)                  U/wasy/m/n --> U/wasy/b/n on input line 90.
)
\@cla=\count79
\@clb=\count80
\bdj=\box26
\tracingkluwer=\count81
\id@boxheight=\dimen102
\topsepm@th=\skip41
\aobox=\box27
\@temptokenb=\toks15
\cnt@authors=\count82
\cnt@institutes=\count83
\@abstractbox=\box28
\mottobox=\box29
\logotoks=\toks16
\c@outputpage=\count84
\c@article=\count85
\stretchtabsep=\skip42
\maxfloatwidth=\dimen103
\figtabbox=\box30
\floatindent=\dimen104
\@tabskip=\dimen105
\captionskip=\dimen106
\@tabwidth=\dimen107
\captionindent=\dimen108
\@floatcaption=\toks17
\abovecaptionskip=\skip43
\belowcaptionskip=\skip44
\c@table=\count86
\c@tabnote=\count87
\c@figure=\count88
\c@algorithm=\count89
\rotdimen=\dimen109
\c@endnote=\count90
\endnotesep=\dimen110
\@endnotes=\write3
\bibhang=\skip45

Springer -- Named references
\eqnoindent=\dimen111
\theoremsep=\dimen112
\dispsep=\dimen113
\items@ve=\skip46
\labels@ve=\skip47
\c@part=\count91
\c@section=\count92
\c@subsection=\count93
\c@subsubsection=\count94
\c@paragraph=\count95
\c@subparagraph=\count96
) (./spr-sola-addons.sty
Package: spr-sola-addons 2011/09/20Springer style for SOLA journal (DG)
)
(/usr/local/texlive/2013/texmf-dist/tex/latex/graphics/graphicx.sty
Package: graphicx 1999/02/16 v1.0f Enhanced LaTeX Graphics (DPC,SPQR)

(/usr/local/texlive/2013/texmf-dist/tex/latex/graphics/keyval.sty
Package: keyval 1999/03/16 v1.13 key=value parser (DPC)
\KV@toks@=\toks18
)
(/usr/local/texlive/2013/texmf-dist/tex/latex/graphics/graphics.sty
Package: graphics 2009/02/05 v1.0o Standard LaTeX Graphics (DPC,SPQR)

(/usr/local/texlive/2013/texmf-dist/tex/latex/graphics/trig.sty
Package: trig 1999/03/16 v1.09 sin cos tan (DPC)
)
(/usr/local/texlive/2013/texmf-dist/tex/latex/latexconfig/graphics.cfg
File: graphics.cfg 2010/04/23 v1.9 graphics configuration of TeX Live
)
Package graphics Info: Driver file: pdftex.def on input line 91.

(/usr/local/texlive/2013/texmf-dist/tex/latex/pdftex-def/pdftex.def
File: pdftex.def 2011/05/27 v0.06d Graphics/color for pdfTeX

(/usr/local/texlive/2013/texmf-dist/tex/generic/oberdiek/infwarerr.sty
Package: infwarerr 2010/04/08 v1.3 Providing info/warning/error messages (HO)
)
(/usr/local/texlive/2013/texmf-dist/tex/generic/oberdiek/ltxcmds.sty
Package: ltxcmds 2011/11/09 v1.22 LaTeX kernel commands for general use (HO)
)
\Gread@gobject=\count97
))
\Gin@req@height=\dimen114
\Gin@req@width=\dimen115
)
(/usr/local/texlive/2013/texmf-dist/tex/latex/graphics/color.sty
Package: color 2005/11/14 v1.0j Standard LaTeX Color (DPC)

(/usr/local/texlive/2013/texmf-dist/tex/latex/latexconfig/color.cfg
File: color.cfg 2007/01/18 v1.5 color configuration of teTeX/TeXLive
)
Package color Info: Driver file: pdftex.def on input line 130.
)
(/usr/local/texlive/2013/texmf-dist/tex/latex/url/url.sty
\Urlmuskip=\muskip10
Package: url 2006/04/12  ver 3.3  Verb mode for urls, etc.
)
No file Byrne_etal_SWAP_arXiv.aux.
\openout1 = `Byrne_etal_SWAP_arXiv.aux'.

LaTeX Font Info:    Checking defaults for OML/cmm/m/it on input line 40.
LaTeX Font Info:    ... okay on input line 40.
LaTeX Font Info:    Checking defaults for T1/cmr/m/n on input line 40.
LaTeX Font Info:    ... okay on input line 40.
LaTeX Font Info:    Checking defaults for OT1/cmr/m/n on input line 40.
LaTeX Font Info:    ... okay on input line 40.
LaTeX Font Info:    Checking defaults for OMS/cmsy/m/n on input line 40.
LaTeX Font Info:    ... okay on input line 40.
LaTeX Font Info:    Checking defaults for OMX/cmex/m/n on input line 40.
LaTeX Font Info:    ... okay on input line 40.
LaTeX Font Info:    Checking defaults for U/cmr/m/n on input line 40.
LaTeX Font Info:    ... okay on input line 40.
(/usr/local/texlive/2013/texmf-dist/tex/context/base/supp-pdf.mkii
[Loading MPS to PDF converter (version 2006.09.02).]
\scratchcounter=\count98
\scratchdimen=\dimen116
\scratchbox=\box31
\nofMPsegments=\count99
\nofMParguments=\count100
\everyMPshowfont=\toks19
\MPscratchCnt=\count101
\MPscratchDim=\dimen117
\MPnumerator=\count102
\makeMPintoPDFobject=\count103
\everyMPtoPDFconversion=\toks20
) (/usr/local/texlive/2013/texmf-dist/tex/generic/oberdiek/pdftexcmds.sty
Package: pdftexcmds 2011/11/29 v0.20 Utility functions of pdfTeX for LuaTeX (HO
)

(/usr/local/texlive/2013/texmf-dist/tex/generic/oberdiek/ifluatex.sty
Package: ifluatex 2010/03/01 v1.3 Provides the ifluatex switch (HO)
Package ifluatex Info: LuaTeX not detected.
)
(/usr/local/texlive/2013/texmf-dist/tex/generic/oberdiek/ifpdf.sty
Package: ifpdf 2011/01/30 v2.3 Provides the ifpdf switch (HO)
Package ifpdf Info: pdfTeX in PDF mode is detected.
)
Package pdftexcmds Info: LuaTeX not detected.
Package pdftexcmds Info: \pdf@primitive is available.
Package pdftexcmds Info: \pdf@ifprimitive is available.
Package pdftexcmds Info: \pdfdraftmode found.
)
(/usr/local/texlive/2013/texmf-dist/tex/latex/oberdiek/epstopdf-base.sty
Package: epstopdf-base 2010/02/09 v2.5 Base part for package epstopdf

(/usr/local/texlive/2013/texmf-dist/tex/latex/oberdiek/grfext.sty
Package: grfext 2010/08/19 v1.1 Manage graphics extensions (HO)

(/usr/local/texlive/2013/texmf-dist/tex/generic/oberdiek/kvdefinekeys.sty
Package: kvdefinekeys 2011/04/07 v1.3 Define keys (HO)
))
(/usr/local/texlive/2013/texmf-dist/tex/latex/oberdiek/kvoptions.sty
Package: kvoptions 2011/06/30 v3.11 Key value format for package options (HO)

(/usr/local/texlive/2013/texmf-dist/tex/generic/oberdiek/kvsetkeys.sty
Package: kvsetkeys 2012/04/25 v1.16 Key value parser (HO)

(/usr/local/texlive/2013/texmf-dist/tex/generic/oberdiek/etexcmds.sty
Package: etexcmds 2011/02/16 v1.5 Avoid name clashes with e-TeX commands (HO)
Package etexcmds Info: Could not find \expanded.
(etexcmds)             That can mean that you are not using pdfTeX 1.50 or
(etexcmds)             that some package has redefined \expanded.
(etexcmds)             In the latter case, load this package earlier.
)))
Package grfext Info: Graphics extension search list:
(grfext)             [.png,.pdf,.jpg,.mps,.jpeg,.jbig2,.jb2,.PNG,.PDF,.JPG,.JPE
G,.JBIG2,.JB2,.eps]
(grfext)             \AppendGraphicsExtensions on input line 452.

(/usr/local/texlive/2013/texmf-dist/tex/latex/latexconfig/epstopdf-sys.cfg
File: epstopdf-sys.cfg 2010/07/13 v1.3 Configuration of (r)epstopdf for TeX Liv
e
))
Article 1

LaTeX Font Warning: Font shape `OT1/cmr/m/n' in size <13> not available
(Font)              size <12> substituted on input line 92.


LaTeX Font Warning: Font shape `OT1/cmr/bx/n' in size <13> not available
(Font)              size <12> substituted on input line 92.

LaTeX Font Info:    Try loading font information for U+msa on input line 92.
(/usr/local/texlive/2013/texmf-dist/tex/latex/amsfonts/umsa.fd
File: umsa.fd 2013/01/14 v3.01 AMS symbols A
)
LaTeX Font Info:    Try loading font information for U+msb on input line 92.

(/usr/local/texlive/2013/texmf-dist/tex/latex/amsfonts/umsb.fd
File: umsb.fd 2013/01/14 v3.01 AMS symbols B
)
LaTeX Font Info:    Try loading font information for U+wasy on input line 92.

(/usr/local/texlive/2013/texmf-dist/tex/latex/wasysym/uwasy.fd
File: uwasy.fd 2003/10/30 v2.0 Wasy-2 symbol font definitions
)

LaTeX Font Warning: Font shape `U/wasy/b/n' in size <7> not available
(Font)              Font shape `U/wasy/m/n' tried instead on input line 92.


LaTeX Font Warning: Font shape `U/wasy/b/n' in size <5> not available
(Font)              Font shape `U/wasy/m/n' tried instead on input line 92.

LaTeX Font Info:    Try loading font information for OMS+cmr on input line 92.
(/usr/local/texlive/2013/texmf-dist/tex/latex/base/omscmr.fd
File: omscmr.fd 1999/05/25 v2.5h Standard LaTeX font definitions
)
LaTeX Font Info:    Font shape `OMS/cmr/m/n' in size <8> not available
(Font)              Font shape `OMS/cmsy/m/n' tried instead on input line 92.
 Abstract
Keywords [1{/usr/local/texlive/2013/texmf-var/fonts/map/pdftex/updmap/pdftex.ma
p}]

LaTeX Warning: Citation `i2012LRSP....9....3W' on page 2 undefined on input lin
e 102.


LaTeX Warning: Citation `i2004JGRA..10907105Y' on page 2 undefined on input lin
e 102.


LaTeX Warning: Citation `i2004Natur.432...78P' on page 2 undefined on input lin
e 102.


LaTeX Warning: Citation `i2005AnGeo..23.1033S' on page 2 undefined on input lin
e 102.


LaTeX Warning: Citation `i2013NatPh...9..811C' on page 2 undefined on input lin
e 102.


LaTeX Warning: Citation `i2014NatCo...5E3481L' on page 2 undefined on input lin
e 102.


LaTeX Warning: Citation `i2007A&G....48f..11L' on page 2 undefined on input lin
e 102.


LaTeX Warning: Citation `i2011LRSP....8....1C' on page 2 undefined on input lin
e 104.


LaTeX Warning: Citation `i2011LRSP....8....1C' on page 2 undefined on input lin
e 104.


LaTeX Warning: Citation `i2001AGUGM.125..143K' on page 2 undefined on input lin
e 104.


LaTeX Warning: Citation `i1996JGR...10127499C' on page 2 undefined on input lin
e 104.


LaTeX Warning: Citation `i1996JGR...10127499C' on page 2 undefined on input lin
e 104.


LaTeX Warning: Citation `i2001ApJ...562.1045K' on page 2 undefined on input lin
e 104.


LaTeX Warning: Citation `i2006PhRvL..96y5002K' on page 2 undefined on input lin
e 104.


LaTeX Warning: Citation `i1980IAUS...91..207M' on page 2 undefined on input lin
e 104.


LaTeX Warning: Citation `i1995ApJ...446..377F' on page 2 undefined on input lin
e 104.


LaTeX Warning: Citation `i2003ApJ...595.1231A' on page 2 undefined on input lin
e 104.


LaTeX Warning: Citation `i2007ApJ...658L.123L' on page 2 undefined on input lin
e 104.


LaTeX Warning: Citation `i1999ApJ...510..485A' on page 2 undefined on input lin
e 104.


LaTeX Warning: Citation `i2007ApJ...671L..77V' on page 2 undefined on input lin
e 104.


LaTeX Warning: Citation `i2008ApJ...683.1192L' on page 2 undefined on input lin
e 104.


LaTeX Warning: Citation `i2002A&ARv..10..313P' on page 2 undefined on input lin
e 104.


LaTeX Warning: Citation `i2002A&ARv..10..313P' on page 2 undefined on input lin
e 104.


LaTeX Warning: Citation `i2001ApJ...561..372S' on page 2 undefined on input lin
e 106.


LaTeX Warning: Citation `i2002ApJ...566L.117Z' on page 2 undefined on input lin
e 106.


LaTeX Warning: Citation `i2013SoPh..285..269H' on page 2 undefined on input lin
e 106.


LaTeX Warning: Citation `i2003ApJ...586..562G' on page 2 undefined on input lin
e 106.


LaTeX Warning: Citation `i2008AnGeo..26.3025F' on page 2 undefined on input lin
e 106.


LaTeX Warning: Citation `i2004A&A...422..307C' on page 2 undefined on input lin
e 106.


LaTeX Warning: Citation `i2006A&A...455..339D' on page 2 undefined on input lin
e 106.


LaTeX Warning: Citation `i2003A&A...398.1185S' on page 2 undefined on input lin
e 108.


LaTeX Warning: Citation `i2006SoPh..236..263M' on page 2 undefined on input lin
e 108.


LaTeX Warning: Citation `i2008SoPh..248..457Y' on page 2 undefined on input lin
e 108.


LaTeX Warning: Citation `i2011igi-global' on page 2 undefined on input line 108
.


LaTeX Warning: Citation `i2011ApJ...737...88D' on page 2 undefined on input lin
e 108.


LaTeX Warning: Citation `i2012ApJ...746L...5S' on page 2 undefined on input lin
e 110.


LaTeX Warning: Citation `i2012ApJ...746L...5S' on page 2 undefined on input lin
e 110.


LaTeX Warning: Reference `isect:techniques' on page 2 undefined on input line 1
10.


LaTeX Warning: Reference `isect:event' on page 2 undefined on input line 110.


LaTeX Warning: Reference `isect:discussion' on page 2 undefined on input line 1
10.


LaTeX Warning: Reference `isect:conclusions' on page 2 undefined on input line 
110.

[2]

LaTeX Warning: Citation `i2013SoPh..286...43S' on page 3 undefined on input lin
e 116.


LaTeX Warning: Citation `i2013SoPh..286...43S' on page 3 undefined on input lin
e 116.


LaTeX Warning: Citation `i2013SoPh..286...67H' on page 3 undefined on input lin
e 116.


LaTeX Warning: Citation `i2013SoPh..286...67H' on page 3 undefined on input lin
e 116.


LaTeX Warning: Citation `i2013SoPh..286....5S' on page 3 undefined on input lin
e 116.


LaTeX Warning: Citation `i2013SoPh..286....5S' on page 3 undefined on input lin
e 116.


LaTeX Warning: Citation `i2012SoPh..275...17L' on page 3 undefined on input lin
e 116.


LaTeX Warning: Citation `i2012SoPh..275...17L' on page 3 undefined on input lin
e 116.


LaTeX Warning: Citation `i2012SoPh..275....3P' on page 3 undefined on input lin
e 116.


LaTeX Warning: Citation `i2012SoPh..275....3P' on page 3 undefined on input lin
e 116.


LaTeX Warning: Citation `i2003SPIE.4843...66E' on page 3 undefined on input lin
e 116.


LaTeX Warning: Reference `ioverlays' on page 3 undefined on input line 116.


LaTeX Warning: File `overlays.eps' not found on input line 119.

Package epstopdf Info: Source file: <overlays.eps>
(epstopdf)             Output file: <overlays-eps-converted-to.pdf>
(epstopdf)             Command: <epstopdf --outfile=overlays-eps-converted-to.p
df overlays.eps>
(epstopdf)             \includegraphics on input line 119.
Package epstopdf Info: Output file is already uptodate.

./Byrne_etal_SWAP_arXiv.tex:119: Package pdftex.def Error: File `overlays-eps-c
onverted-to.pdf' not found.

See the pdftex.def package documentation for explanation.
Type  H <return>  for immediate help.
 ...                                              
                                                  
l.119 ...ale=0.6, trim=60 50 200 70]{overlays.eps}
                                                  }
? 
./Byrne_etal_SWAP_arXiv.tex:119: Emergency stop.
 ...                                              
                                                  
l.119 ...ale=0.6, trim=60 50 200 70]{overlays.eps}
                                                  }
Using draft setting for this image.
Try typing  <return>  to proceed.
If that doesn't work, type  X <return>  to quit.

 
Here is how much of TeX's memory you used:
 3027 strings out of 493315
 39207 string characters out of 6137904
 102266 words of memory out of 5000000
 6431 multiletter control sequences out of 15000+600000
 14507 words of font info for 56 fonts, out of 8000000 for 9000
 962 hyphenation exceptions out of 8191
 38i,9n,28p,1969b,336s stack positions out of 5000i,500n,10000p,200000b,80000s
./Byrne_etal_SWAP_arXiv.tex:119:  ==> Fatal error occurred, no output PDF file 
produced!
