This is pdfTeX, Version 3.1415926-2.4-1.40.13 (TeX Live 2012) (format=pdflatex 2012.8.20)  19 MAY 2013 21:25
entering extended mode
 restricted \write18 enabled.
 file:line:error style messages enabled.
 %&-line parsing enabled.
**Byrne_etal_20130517.tex
(./Byrne_etal_20130517.tex
LaTeX2e <2011/06/27>
Babel <v3.8m> and hyphenation patterns for english, dumylang, nohyphenation, ge
rman-x-2012-05-30, ngerman-x-2012-05-30, afrikaans, ancientgreek, ibycus, arabi
c, armenian, basque, bulgarian, catalan, pinyin, coptic, croatian, czech, danis
h, dutch, ukenglish, usenglishmax, esperanto, estonian, ethiopic, farsi, finnis
h, french, friulan, galician, german, ngerman, swissgerman, monogreek, greek, h
ungarian, icelandic, assamese, bengali, gujarati, hindi, kannada, malayalam, ma
rathi, oriya, panjabi, tamil, telugu, indonesian, interlingua, irish, italian, 
kurmanji, latin, latvian, lithuanian, mongolian, mongolianlmc, bokmal, nynorsk,
 polish, portuguese, romanian, romansh, russian, sanskrit, serbian, serbianc, s
lovak, slovenian, spanish, swedish, turkish, turkmen, ukrainian, uppersorbian, 
welsh, loaded.
(/usr/local/texlive/2012/texmf-dist/tex/latex/aastex/aastex.cls
Document Class: aastex 2005/06/22 5.2/AAS markup document class
Class aastex Info: Original \LaTeX2.09 style by Chris Biemesderfer (chris@seago
at.com). Adapted to \LaTeXe by A. Ogawa (ogawa@teleport.com) on input line 83.
(/usr/local/texlive/2012/texmf-dist/tex/latex/base/article.cls
Document Class: article 2007/10/19 v1.4h Standard LaTeX document class
(/usr/local/texlive/2012/texmf-dist/tex/latex/base/size10.clo
File: size10.clo 2007/10/19 v1.4h Standard LaTeX file (size option)
)
\c@part=\count79
\c@section=\count80
\c@subsection=\count81
\c@subsubsection=\count82
\c@paragraph=\count83
\c@subparagraph=\count84
\c@figure=\count85
\c@table=\count86
\abovecaptionskip=\skip41
\belowcaptionskip=\skip42
\bibindent=\dimen102
)
(/usr/local/texlive/2012/texmf-dist/tex/latex/base/latexsym.sty
Package: latexsym 1998/08/17 v2.2e Standard LaTeX package (lasy symbols)
\symlasy=\mathgroup4
LaTeX Font Info:    Overwriting symbol font `lasy' in version `bold'
(Font)                  U/lasy/m/n --> U/lasy/b/n on input line 47.
)
(/usr/local/texlive/2012/texmf-dist/tex/latex/graphics/graphicx.sty
Package: graphicx 1999/02/16 v1.0f Enhanced LaTeX Graphics (DPC,SPQR)

(/usr/local/texlive/2012/texmf-dist/tex/latex/graphics/keyval.sty
Package: keyval 1999/03/16 v1.13 key=value parser (DPC)
\KV@toks@=\toks14
)
(/usr/local/texlive/2012/texmf-dist/tex/latex/graphics/graphics.sty
Package: graphics 2009/02/05 v1.0o Standard LaTeX Graphics (DPC,SPQR)

(/usr/local/texlive/2012/texmf-dist/tex/latex/graphics/trig.sty
Package: trig 1999/03/16 v1.09 sin cos tan (DPC)
)
(/usr/local/texlive/2012/texmf-dist/tex/latex/latexconfig/graphics.cfg
File: graphics.cfg 2010/04/23 v1.9 graphics configuration of TeX Live
)
Package graphics Info: Driver file: pdftex.def on input line 91.

(/usr/local/texlive/2012/texmf-dist/tex/latex/pdftex-def/pdftex.def
File: pdftex.def 2011/05/27 v0.06d Graphics/color for pdfTeX

(/usr/local/texlive/2012/texmf-dist/tex/generic/oberdiek/infwarerr.sty
Package: infwarerr 2010/04/08 v1.3 Providing info/warning/error messages (HO)
)
(/usr/local/texlive/2012/texmf-dist/tex/generic/oberdiek/ltxcmds.sty
Package: ltxcmds 2011/11/09 v1.22 LaTeX kernel commands for general use (HO)
)
\Gread@gobject=\count87
))
\Gin@req@height=\dimen103
\Gin@req@width=\dimen104
)
(/usr/local/texlive/2012/texmf-dist/tex/latex/amsfonts/amssymb.sty
Package: amssymb 2009/06/22 v3.00

(/usr/local/texlive/2012/texmf-dist/tex/latex/amsfonts/amsfonts.sty
Package: amsfonts 2009/06/22 v3.00 Basic AMSFonts support
\@emptytoks=\toks15
\symAMSa=\mathgroup5
\symAMSb=\mathgroup6
LaTeX Font Info:    Overwriting math alphabet `\mathfrak' in version `bold'
(Font)                  U/euf/m/n --> U/euf/b/n on input line 96.
))
(./natbib.sty
Package: natbib 2006/03/22 7.3 (PWD)
\bibhang=\skip43
\bibsep=\skip44
LaTeX Info: Redefining \cite on input line 541.
\c@NAT@ctr=\count88
) (/usr/local/texlive/2012/texmf-dist/tex/latex/tools/verbatim.sty
Package: verbatim 2003/08/22 v1.5q LaTeX2e package for verbatim enhancements
\every@verbatim=\toks16
\verbatim@line=\toks17
\verbatim@in@stream=\read1
)
\@slugcmmntwidth=\dimen105
\abstract@box=\box26
\c@editornote=\count89
\c@cureqno=\count90
\tnotemarkskip=\skip45
\@abovenoteskip=\dimen106
\pt@box=\box27
\pt@width=\dimen107
\pt@line=\count91
\pt@column=\count92
\pt@nlines=\count93
\pt@ncol=\count94
\pt@page=\count95
\tabbaseskip=\dimen108
\pt@tmpcapwidth=\dimen109
\spew@tblnotesbox=\box28
\restof@tblnotesbox=\box29
\noteheight=\dimen110
\pt@tabnoteminht=\dimen111
\firsttabskip=\dimen112
\captionbox=\box30
\pt@reduceline=\dimen113
\extra@vspace=\dimen114
\c@plate=\count96
\my@footins=\box31
) (/usr/local/texlive/2012/texmf-dist/tex/latex/subfigure/subfigure.sty
Package: subfigure 2002/03/15 v2.1.5 subfigure package
\subfigtopskip=\skip46
\subfigcapskip=\skip47
\subfigcaptopadj=\dimen115
\subfigbottomskip=\skip48
\subfigcapmargin=\dimen116
\subfiglabelskip=\skip49
\c@subfigure=\count97
\c@lofdepth=\count98
\c@subtable=\count99
\c@lotdepth=\count100

****************************************
* Local config file subfigure.cfg used *
****************************************
(/usr/local/texlive/2012/texmf-dist/tex/latex/subfigure/subfigure.cfg)
\subfig@top=\skip50
\subfig@bottom=\skip51
)
(./Byrne_etal_20130517.aux

LaTeX Warning: Label `front_mults' multiply defined.


LaTeX Warning: Label `ell_front' multiply defined.


LaTeX Warning: Label `front_mults' multiply defined.


LaTeX Warning: Label `ell_front' multiply defined.


LaTeX Warning: Label `mk4_figs' multiply defined.

)
\openout1 = `Byrne_etal_20130517.aux'.

LaTeX Font Info:    Checking defaults for OML/cmm/m/it on input line 82.
LaTeX Font Info:    ... okay on input line 82.
LaTeX Font Info:    Checking defaults for T1/cmr/m/n on input line 82.
LaTeX Font Info:    ... okay on input line 82.
LaTeX Font Info:    Checking defaults for OT1/cmr/m/n on input line 82.
LaTeX Font Info:    ... okay on input line 82.
LaTeX Font Info:    Checking defaults for OMS/cmsy/m/n on input line 82.
LaTeX Font Info:    ... okay on input line 82.
LaTeX Font Info:    Checking defaults for OMX/cmex/m/n on input line 82.
LaTeX Font Info:    ... okay on input line 82.
LaTeX Font Info:    Checking defaults for U/cmr/m/n on input line 82.
LaTeX Font Info:    ... okay on input line 82.
 (/usr/local/texlive/2012/texmf-dist/tex/context/base/supp-pdf.mkii
[Loading MPS to PDF converter (version 2006.09.02).]
\scratchcounter=\count101
\scratchdimen=\dimen117
\scratchbox=\box32
\nofMPsegments=\count102
\nofMParguments=\count103
\everyMPshowfont=\toks18
\MPscratchCnt=\count104
\MPscratchDim=\dimen118
\MPnumerator=\count105
\makeMPintoPDFobject=\count106
\everyMPtoPDFconversion=\toks19
) (/usr/local/texlive/2012/texmf-dist/tex/generic/oberdiek/pdftexcmds.sty
Package: pdftexcmds 2011/11/29 v0.20 Utility functions of pdfTeX for LuaTeX (HO
)

(/usr/local/texlive/2012/texmf-dist/tex/generic/oberdiek/ifluatex.sty
Package: ifluatex 2010/03/01 v1.3 Provides the ifluatex switch (HO)
Package ifluatex Info: LuaTeX not detected.
)
(/usr/local/texlive/2012/texmf-dist/tex/generic/oberdiek/ifpdf.sty
Package: ifpdf 2011/01/30 v2.3 Provides the ifpdf switch (HO)
Package ifpdf Info: pdfTeX in PDF mode is detected.
)
Package pdftexcmds Info: LuaTeX not detected.
Package pdftexcmds Info: \pdf@primitive is available.
Package pdftexcmds Info: \pdf@ifprimitive is available.
Package pdftexcmds Info: \pdfdraftmode found.
)
(/usr/local/texlive/2012/texmf-dist/tex/latex/oberdiek/epstopdf-base.sty
Package: epstopdf-base 2010/02/09 v2.5 Base part for package epstopdf

(/usr/local/texlive/2012/texmf-dist/tex/latex/oberdiek/grfext.sty
Package: grfext 2010/08/19 v1.1 Manage graphics extensions (HO)

(/usr/local/texlive/2012/texmf-dist/tex/generic/oberdiek/kvdefinekeys.sty
Package: kvdefinekeys 2011/04/07 v1.3 Define keys (HO)
))
(/usr/local/texlive/2012/texmf-dist/tex/latex/oberdiek/kvoptions.sty
Package: kvoptions 2011/06/30 v3.11 Key value format for package options (HO)

(/usr/local/texlive/2012/texmf-dist/tex/generic/oberdiek/kvsetkeys.sty
Package: kvsetkeys 2012/04/25 v1.16 Key value parser (HO)

(/usr/local/texlive/2012/texmf-dist/tex/generic/oberdiek/etexcmds.sty
Package: etexcmds 2011/02/16 v1.5 Avoid name clashes with e-TeX commands (HO)
Package etexcmds Info: Could not find \expanded.
(etexcmds)             That can mean that you are not using pdfTeX 1.50 or
(etexcmds)             that some package has redefined \expanded.
(etexcmds)             In the latter case, load this package earlier.
)))
Package grfext Info: Graphics extension search list:
(grfext)             [.png,.pdf,.jpg,.mps,.jpeg,.jbig2,.jb2,.PNG,.PDF,.JPG,.JPE
G,.JBIG2,.JB2,.eps]
(grfext)             \AppendGraphicsExtensions on input line 452.

(/usr/local/texlive/2012/texmf-dist/tex/latex/latexconfig/epstopdf-sys.cfg
File: epstopdf-sys.cfg 2010/07/13 v1.3 Configuration of (r)epstopdf for TeX Liv
e
))
AAS 2-column preprint substyle, v5.2 <12 Dec 2003>.
LaTeX Font Info:    Try loading font information for U+lasy on input line 115.
(/usr/local/texlive/2012/texmf-dist/tex/latex/base/ulasy.fd
File: ulasy.fd 1998/08/17 v2.2e LaTeX symbol font definitions
)
LaTeX Font Info:    Try loading font information for U+msa on input line 115.

(/usr/local/texlive/2012/texmf-dist/tex/latex/amsfonts/umsa.fd
File: umsa.fd 2009/06/22 v3.00 AMS symbols A
)
LaTeX Font Info:    Try loading font information for U+msb on input line 115.

(/usr/local/texlive/2012/texmf-dist/tex/latex/amsfonts/umsb.fd
File: umsb.fd 2009/06/22 v3.00 AMS symbols B
)
<images/overlays.pdf, id=1, 794.97pt x 614.295pt>
File: images/overlays.pdf Graphic file (type pdf)
 <use images/overlays.pdf>
Package pdftex.def Info: images/overlays.pdf used on input line 158.
(pdftex.def)             Requested size: 240.29524pt x 222.22806pt.

Overfull \hbox (23.48524pt too wide) in paragraph at lines 158--159
 [][] 
 []


Underfull \hbox (badness 4168) in paragraph at lines 159--159
\OT1/cmr/m/n/10 Fig. 1.--- A LASCO/C2 im-age with an
 []

[1{/usr/local/texlive/2012/texmf-var/fonts/map/pdftex/updmap/pdftex.map}


]
<images/smaps.pdf, id=21, 614.295pt x 794.97pt>
File: images/smaps.pdf Graphic file (type pdf)
 <use images/smaps.pdf>
Package pdftex.def Info: images/smaps.pdf used on input line 166.
(pdftex.def)             Requested size: 274.37575pt x 122.55748pt.

Overfull \hbox (57.56575pt too wide) in paragraph at lines 166--167
 [][] 
 []


Underfull \hbox (badness 3260) in paragraph at lines 167--167
\OT1/cmr/m/n/10 Fig. 2.--- Com-bined PROBA2/SWAP and
 []

<images/polar_fig_swap.pdf, id=22, 853.1875pt x 568.1225pt>
File: images/polar_fig_swap.pdf Graphic file (type pdf)

<use images/polar_fig_swap.pdf>
Package pdftex.def Info: images/polar_fig_swap.pdf used on input line 172.
(pdftex.def)             Requested size: 332.74179pt x 205.9084pt.
 [2 <./images/overlays.pdf> <./images/smaps.pdf>] <images/front_mults.png, id=4
8, 803.0pt x 803.0pt>
File: images/front_mults.png Graphic file (type png)

<use images/front_mults.png>
Package pdftex.def Info: images/front_mults.png used on input line 187.
(pdftex.def)             Requested size: 189.71123pt x 211.39256pt.
 <images/ell_front.png, id=50, 803.0pt x 803.0pt>
File: images/ell_front.png Graphic file (type png)

<use images/ell_front.png>
Package pdftex.def Info: images/ell_front.png used on input line 189.
(pdftex.def)             Requested size: 224.84451pt x 211.99622pt.
 <images/ell_front_c2.png, id=52, 803.0pt x 803.0pt>
File: images/ell_front_c2.png Graphic file (type png)

<use images/ell_front_c2.png>
Package pdftex.def Info: images/ell_front_c2.png used on input line 191.
(pdftex.def)             Requested size: 224.84451pt x 211.99622pt.

<images/ell_front_c3.png, id=54, 803.0pt x 803.0pt>
File: images/ell_front_c3.png Graphic file (type png)

<use images/ell_front_c3.png>
Package pdftex.def Info: images/ell_front_c3.png used on input line 193.
(pdftex.def)             Requested size: 224.84451pt x 211.99622pt.


Package natbib Warning: Citation `2012ApJ...752..145B' on page 3 undefined on i
nput line 201.

[3 <./images/polar_fig_swap.pdf>] [4 <./images/front_mults.png> <./images/ell_f
ront.png> <./images/ell_front_c2.png> <./images/ell_front_c3.png>]
<images/plot_kins_quartiles_all.pdf, id=78, 568.1225pt x 853.1875pt>
File: images/plot_kins_quartiles_all.pdf Graphic file (type pdf)

<use images/plot_kins_quartiles_all.pdf>
Package pdftex.def Info: images/plot_kins_quartiles_all.pdf used on input line 
206.
(pdftex.def)             Requested size: 234.361pt x 349.59927pt.

Overfull \hbox (17.551pt too wide) in paragraph at lines 206--207
 [][] 
 []

<images/plot_kins_quartiles_inner.pdf, id=80, 568.1225pt x 853.1875pt>
File: images/plot_kins_quartiles_inner.pdf Graphic file (type pdf)

<use images/plot_kins_quartiles_inner.pdf>
Package pdftex.def Info: images/plot_kins_quartiles_inner.pdf used on input lin
e 212.
(pdftex.def)             Requested size: 234.361pt x 125.1646pt.

Overfull \hbox (17.551pt too wide) in paragraph at lines 212--213
 [][] 
 []


LaTeX Warning: `h' float specifier changed to `ht'.

File: images/front_mults.png Graphic file (type png)
<use images/front_mults.png>
Package pdftex.def Info: images/front_mults.png used on input line 219.
(pdftex.def)             Requested size: 189.71123pt x 211.39256pt.
File: images/ell_front.png Graphic file (type png)
 <use images/ell_front.png>
Package pdftex.def Info: images/ell_front.png used on input line 221.
(pdftex.def)             Requested size: 224.84451pt x 211.99622pt.
File: images/ell_front_c2.png Graphic file (type png)

<use images/ell_front_c2.png>
Package pdftex.def Info: images/ell_front_c2.png used on input line 223.
(pdftex.def)             Requested size: 224.84451pt x 211.99622pt.
File: images/ell_front_c3.png Graphic file (type png)
 <use images/ell_front_c3.png>
Package pdftex.def Info: images/ell_front_c3.png used on input line 225.
(pdftex.def)             Requested size: 224.84451pt x 211.99622pt.

Overfull \hbox (1.4115pt too wide) in paragraph at lines 248--250
[]\OT1/cmr/m/n/10 This work is sup-ported by SHINE grant 0962716
 []


Underfull \hbox (badness 1019) in paragraph at lines 248--250
\OT1/cmr/m/n/10 d'Astronomie (France), and the Uni-ver-sity of
 []

(./Byrne_etal_20130517.bbl)

Package natbib Warning: There were undefined citations.

[5 <./images/plot_kins_quartiles_all.pdf> <./images/plot_kins_quartiles_inner.p
df>] [6] (./Byrne_etal_20130517.aux)

LaTeX Warning: There were multiply-defined labels.

 ) 
Here is how much of TeX's memory you used:
 2866 strings out of 493488
 38090 string characters out of 3141326
 97483 words of memory out of 3000000
 6119 multiletter control sequences out of 15000+200000
 12998 words of font info for 54 fonts, out of 3000000 for 9000
 957 hyphenation exceptions out of 8191
 38i,8n,26p,2055b,274s stack positions out of 5000i,500n,10000p,200000b,50000s
</usr/local/texlive/2012/texmf-dist/fonts/type1/public/amsfonts/cm/cmbx10.pfb
></usr/local/texlive/2012/texmf-dist/fonts/type1/public/amsfonts/cm/cmbx12.pfb>
</usr/local/texlive/2012/texmf-dist/fonts/type1/public/amsfonts/cm/cmmi10.pfb><
/usr/local/texlive/2012/texmf-dist/fonts/type1/public/amsfonts/cm/cmmi8.pfb></u
sr/local/texlive/2012/texmf-dist/fonts/type1/public/amsfonts/cm/cmr10.pfb></usr
/local/texlive/2012/texmf-dist/fonts/type1/public/amsfonts/cm/cmr12.pfb></usr/l
ocal/texlive/2012/texmf-dist/fonts/type1/public/amsfonts/cm/cmr6.pfb></usr/loca
l/texlive/2012/texmf-dist/fonts/type1/public/amsfonts/cm/cmr7.pfb></usr/local/t
exlive/2012/texmf-dist/fonts/type1/public/amsfonts/cm/cmr8.pfb></usr/local/texl
ive/2012/texmf-dist/fonts/type1/public/amsfonts/cm/cmr9.pfb></usr/local/texlive
/2012/texmf-dist/fonts/type1/public/amsfonts/cm/cmsy10.pfb></usr/local/texlive/
2012/texmf-dist/fonts/type1/public/amsfonts/cm/cmsy7.pfb></usr/local/texlive/20
12/texmf-dist/fonts/type1/public/amsfonts/cm/cmti10.pfb></usr/local/texlive/201
2/texmf-dist/fonts/type1/public/amsfonts/cm/cmti9.pfb></usr/local/texlive/2012/
texmf-dist/fonts/type1/public/amsfonts/cm/cmtt10.pfb>
Output written on Byrne_etal_20130517.pdf (6 pages, 1924933 bytes).
PDF statistics:
 167 PDF objects out of 1000 (max. 8388607)
 111 compressed objects within 2 object streams
 0 named destinations out of 1000 (max. 500000)
 106 words of extra memory for PDF output out of 10000 (max. 10000000)

