This is pdfTeX, Version 3.1415926-1.40.11 (TeX Live 2010) (format=pdflatex 2011.1.11)  4 DEC 2012 13:43
entering extended mode
 \write18 enabled.
 file:line:error style messages enabled.
 %&-line parsing enabled.
**numdiff_20121203_jpb.tex
(./numdiff_20121203_jpb.tex
LaTeX2e <2009/09/24>
Babel <v3.8l> and hyphenation patterns for english, dumylang, nohyphenation, ge
rman-x-2009-06-19, ngerman-x-2009-06-19, afrikaans, ancientgreek, ibycus, arabi
c, armenian, basque, bulgarian, catalan, pinyin, coptic, croatian, czech, danis
h, dutch, ukenglish, usenglishmax, esperanto, estonian, farsi, finnish, french,
 galician, german, ngerman, swissgerman, monogreek, greek, hungarian, icelandic
, assamese, bengali, gujarati, hindi, kannada, malayalam, marathi, oriya, panja
bi, tamil, telugu, indonesian, interlingua, irish, italian, kurmanji, lao, lati
n, latvian, lithuanian, mongolian, mongolianlmc, bokmal, nynorsk, polish, portu
guese, romanian, russian, sanskrit, serbian, slovak, slovenian, spanish, swedis
h, turkish, turkmen, ukrainian, uppersorbian, welsh, loaded.
(./aa.cls
Document Class: aa 2006/06/01 v6.1 
LaTeX document class for Astronomy and Astrophysics journal
(/usr/local/texlive/2010/texmf-dist/tex/latex/base/fleqn.clo
File: fleqn.clo 1998/08/17 v1.1c Standard LaTeX option (flush left equations)
\mathindent=\dimen102
)
\logodepth=\dimen103
\headerboxheight=\dimen104
\betweenumberspace=\dimen105
\aftertext=\dimen106
\headlineindent=\dimen107
\c@inst=\count79
\c@auth=\count80
\instindent=\dimen108
\authrun=\box26
\authorrunning=\toks14
\titrun=\box27
\titlerunning=\toks15
\number@fw@rds=\count81
\c@section=\count82
\c@subsection=\count83
\c@subsubsection=\count84
\c@paragraph=\count85
\c@subparagraph=\count86
\c@theorem=\count87
\figgap=\dimen109
\c@append=\count88
\c@figure=\count89
\c@table=\count90
\abovecaptionskip=\skip41
\belowcaptionskip=\skip42
\figcapgap=\dimen110
\tabcapgap=\dimen111
\bibindent=\dimen112
) (./natbib.sty
Package: natbib 2006/03/22 7.3 (PWD)
\bibhang=\skip43
\bibsep=\skip44
LaTeX Info: Redefining \cite on input line 541.
\c@NAT@ctr=\count91
)
(/usr/local/texlive/2010/texmf-dist/tex/latex/graphics/graphicx.sty
Package: graphicx 1999/02/16 v1.0f Enhanced LaTeX Graphics (DPC,SPQR)

(/usr/local/texlive/2010/texmf-dist/tex/latex/graphics/keyval.sty
Package: keyval 1999/03/16 v1.13 key=value parser (DPC)
\KV@toks@=\toks16
)
(/usr/local/texlive/2010/texmf-dist/tex/latex/graphics/graphics.sty
Package: graphics 2009/02/05 v1.0o Standard LaTeX Graphics (DPC,SPQR)

(/usr/local/texlive/2010/texmf-dist/tex/latex/graphics/trig.sty
Package: trig 1999/03/16 v1.09 sin cos tan (DPC)
)
(/usr/local/texlive/2010/texmf-dist/tex/latex/latexconfig/graphics.cfg
File: graphics.cfg 2010/04/23 v1.9 graphics configuration of TeX Live
)
Package graphics Info: Driver file: pdftex.def on input line 91.

(/usr/local/texlive/2010/texmf-dist/tex/latex/pdftex-def/pdftex.def
File: pdftex.def 2010/11/26 v0.05c Graphics/color for pdfTeX
\Gread@gobject=\count92
))
\Gin@req@height=\dimen113
\Gin@req@width=\dimen114
)
(/usr/local/texlive/2010/texmf-dist/tex/latex/oberdiek/epstopdf.sty
Package: epstopdf 2010/02/09 v2.5 Conversion with epstopdf on the fly (HO)

(/usr/local/texlive/2010/texmf-dist/tex/latex/oberdiek/epstopdf-base.sty
Package: epstopdf-base 2010/02/09 v2.5 Base part for package epstopdf

(/usr/local/texlive/2010/texmf-dist/tex/generic/oberdiek/infwarerr.sty
Package: infwarerr 2010/04/08 v1.3 Providing info/warning/message (HO)
)
(/usr/local/texlive/2010/texmf-dist/tex/latex/oberdiek/grfext.sty
Package: grfext 2007/09/30 v1.0 Managing graphics extensions (HO)
)
(/usr/local/texlive/2010/texmf-dist/tex/latex/oberdiek/kvoptions.sty
Package: kvoptions 2010/02/22 v3.7 Keyval support for LaTeX options (HO)

(/usr/local/texlive/2010/texmf-dist/tex/generic/oberdiek/kvsetkeys.sty
Package: kvsetkeys 2010/03/01 v1.9 Key value parser (HO)

(/usr/local/texlive/2010/texmf-dist/tex/generic/oberdiek/etexcmds.sty
Package: etexcmds 2010/01/28 v1.3 Prefix for e-TeX command names (HO)
Package etexcmds Info: Could not find \expanded.
(etexcmds)             That can mean that you are not using pdfTeX 1.50 or
(etexcmds)             that some package has redefined \expanded.
(etexcmds)             In the latter case, load this package earlier.
)))
(/usr/local/texlive/2010/texmf-dist/tex/generic/oberdiek/pdftexcmds.sty
Package: pdftexcmds 2010/04/01 v0.9 Utility functions of pdfTeX for LuaTeX (HO)


(/usr/local/texlive/2010/texmf-dist/tex/generic/oberdiek/ifluatex.sty
Package: ifluatex 2010/03/01 v1.3 Provides the ifluatex switch (HO)
Package ifluatex Info: LuaTeX not detected.
)
(/usr/local/texlive/2010/texmf-dist/tex/generic/oberdiek/ltxcmds.sty
Package: ltxcmds 2010/04/26 v1.7 LaTeX kernel commands for general use (HO)
)
Package pdftexcmds Info: LuaTeX not detected.
Package pdftexcmds Info: \pdf@primitive is available.
Package pdftexcmds Info: \pdf@ifprimitive is available.
)
Package grfext Info: Graphics extension search list:
(grfext)             [.png,.pdf,.jpg,.mps,.jpeg,.jbig2,.jb2,.PNG,.PDF,.JPG,.JPE
G,.JBIG2,.JB2,.eps]
(grfext)             \AppendGraphicsExtensions on input line 436.

(/usr/local/texlive/2010/texmf-dist/tex/latex/latexconfig/epstopdf-sys.cfg
File: epstopdf-sys.cfg 2010/07/13 v1.3 Configuration of (r)epstopdf for TeX Liv
e
)))
(/usr/local/texlive/2010/texmf-dist/tex/latex/graphics/color.sty
Package: color 2005/11/14 v1.0j Standard LaTeX Color (DPC)

(/usr/local/texlive/2010/texmf-dist/tex/latex/latexconfig/color.cfg
File: color.cfg 2007/01/18 v1.5 color configuration of teTeX/TeXLive
)
Package color Info: Driver file: pdftex.def on input line 130.
)
(/usr/local/texlive/2010/texmf-dist/tex/latex/hyperref/hyperref.sty
Package: hyperref 2010/12/16 v6.81z Hypertext links for LaTeX

(/usr/local/texlive/2010/texmf-dist/tex/generic/oberdiek/ifpdf.sty
Package: ifpdf 2010/01/28 v2.1 Provides the ifpdf switch (HO)
Package ifpdf Info: pdfTeX in pdf mode detected.
)
(/usr/local/texlive/2010/texmf-dist/tex/generic/oberdiek/pdfescape.sty
Package: pdfescape 2010/03/01 v1.9 Provides hex, PDF name and string conversion
s (HO)
)
(/usr/local/texlive/2010/texmf-dist/tex/generic/oberdiek/ifvtex.sty
Package: ifvtex 2010/03/01 v1.5 Switches for detecting VTeX and its modes (HO)
Package ifvtex Info: VTeX not detected.
)
(/usr/local/texlive/2010/texmf-dist/tex/generic/ifxetex/ifxetex.sty
Package: ifxetex 2010/09/12 v0.6 Provides ifxetex conditional
)
(/usr/local/texlive/2010/texmf-dist/tex/latex/oberdiek/hycolor.sty
Package: hycolor 2009/12/12 v1.6 Color options of hyperref/bookmark (HO)

(/usr/local/texlive/2010/texmf-dist/tex/latex/oberdiek/xcolor-patch.sty
Package: xcolor-patch 2009/12/12 xcolor patch
))
(/usr/local/texlive/2010/texmf-dist/tex/latex/oberdiek/letltxmacro.sty
Package: letltxmacro 2008/06/24 v1.3 Let assignment for LaTeX macros (HO)
)
\@linkdim=\dimen115
\Hy@linkcounter=\count93
\Hy@pagecounter=\count94

(/usr/local/texlive/2010/texmf-dist/tex/latex/hyperref/pd1enc.def
File: pd1enc.def 2010/12/16 v6.81z Hyperref: PDFDocEncoding definition (HO)
)
(/usr/local/texlive/2010/texmf-dist/tex/generic/oberdiek/intcalc.sty
Package: intcalc 2007/09/27 v1.1 Expandable integer calculations (HO)
)
\Hy@SavedSpaceFactor=\count95

(/usr/local/texlive/2010/texmf-dist/tex/latex/latexconfig/hyperref.cfg
File: hyperref.cfg 2002/06/06 v1.2 hyperref configuration of TeXLive
)
Package hyperref Info: Hyper figures OFF on input line 3993.
Package hyperref Info: Link nesting OFF on input line 3998.
Package hyperref Info: Hyper index ON on input line 4001.
Package hyperref Info: Plain pages OFF on input line 4008.
Package hyperref Info: Backreferencing OFF on input line 4013.
Package hyperref Info: Implicit mode ON; LaTeX internals redefined.
Package hyperref Info: Bookmarks ON on input line 4231.
\c@Hy@tempcnt=\count96

(/usr/local/texlive/2010/texmf-dist/tex/latex/url/url.sty
\Urlmuskip=\muskip10
Package: url 2006/04/12  ver 3.3  Verb mode for urls, etc.
)
LaTeX Info: Redefining \url on input line 4584.

(/usr/local/texlive/2010/texmf-dist/tex/generic/oberdiek/bitset.sty
Package: bitset 2007/09/28 v1.0 Data type bit set (HO)

(/usr/local/texlive/2010/texmf-dist/tex/generic/oberdiek/bigintcalc.sty
Package: bigintcalc 2007/11/11 v1.1 Expandable big integer calculations (HO)
))
\Fld@menulength=\count97
\Field@Width=\dimen116
\Fld@charsize=\dimen117
Package hyperref Info: Hyper figures OFF on input line 5668.
Package hyperref Info: Link nesting OFF on input line 5673.
Package hyperref Info: Hyper index ON on input line 5676.
Package hyperref Info: backreferencing OFF on input line 5683.
Package hyperref Info: Link coloring OFF on input line 5688.
Package hyperref Info: Link coloring with OCG OFF on input line 5693.
Package hyperref Info: PDF/A mode OFF on input line 5698.
LaTeX Info: Redefining \ref on input line 5738.
LaTeX Info: Redefining \pageref on input line 5742.

(/usr/local/texlive/2010/texmf-dist/tex/generic/oberdiek/atbegshi.sty
Package: atbegshi 2010/03/25 v1.12 At begin shipout hook (HO)
)
\Hy@abspage=\count98
\c@Item=\count99
\c@Hfootnote=\count100
)

Package hyperref Message: Driver (autodetected): hpdftex.

(/usr/local/texlive/2010/texmf-dist/tex/latex/hyperref/hpdftex.def
File: hpdftex.def 2010/12/16 v6.81z Hyperref driver for pdfTeX

(/usr/local/texlive/2010/texmf-dist/tex/latex/oberdiek/atveryend.sty
Package: atveryend 2010/03/24 v1.5 Hooks at very end of document (HO)
Package atveryend Info: \enddocument detected (standard).
)
\Fld@listcount=\count101
\c@bookmark@seq@number=\count102

(/usr/local/texlive/2010/texmf-dist/tex/latex/oberdiek/rerunfilecheck.sty
Package: rerunfilecheck 2010/03/16 v1.6 Rerun checks for auxiliary files (HO)

(/usr/local/texlive/2010/texmf-dist/tex/generic/oberdiek/uniquecounter.sty
Package: uniquecounter 2009/12/18 v1.1 Provides unlimited unique counter (HO)
)
Package uniquecounter Info: New unique counter `rerunfilecheck' on input line 2
71.
)
\Hy@SectionHShift=\skip45
)
Package hyperref Info: Option `colorlinks' set `true' on input line 8.

(/usr/local/texlive/2010/texmf-dist/tex/latex/subfigure/subfigure.sty
Package: subfigure 2002/03/15 v2.1.5 subfigure package
\subfigtopskip=\skip46
\subfigcapskip=\skip47
\subfigcaptopadj=\dimen118
\subfigbottomskip=\skip48
\subfigcapmargin=\dimen119
\subfiglabelskip=\skip49
\c@subfigure=\count103
\c@lofdepth=\count104
\c@subtable=\count105
\c@lotdepth=\count106

****************************************
* Local config file subfigure.cfg used *
****************************************
(/usr/local/texlive/2010/texmf-dist/tex/latex/subfigure/subfigure.cfg)
\subfig@top=\skip50
\subfig@bottom=\skip51
)

LaTeX Warning: Unused global option(s):
    [structabstract].

(./numdiff_20121203_jpb.aux)
\openout1 = `numdiff_20121203_jpb.aux'.

LaTeX Font Info:    Checking defaults for OML/cmm/m/it on input line 35.
LaTeX Font Info:    ... okay on input line 35.
LaTeX Font Info:    Checking defaults for T1/cmr/m/n on input line 35.
LaTeX Font Info:    ... okay on input line 35.
LaTeX Font Info:    Checking defaults for OT1/cmr/m/n on input line 35.
LaTeX Font Info:    ... okay on input line 35.
LaTeX Font Info:    Checking defaults for OMS/cmsy/m/n on input line 35.
LaTeX Font Info:    ... okay on input line 35.
LaTeX Font Info:    Checking defaults for OMX/cmex/m/n on input line 35.
LaTeX Font Info:    ... okay on input line 35.
LaTeX Font Info:    Checking defaults for U/cmr/m/n on input line 35.
LaTeX Font Info:    ... okay on input line 35.
LaTeX Font Info:    Checking defaults for PD1/pdf/m/n on input line 35.
LaTeX Font Info:    ... okay on input line 35.

(/usr/local/texlive/2010/texmf-dist/tex/context/base/supp-pdf.mkii
[Loading MPS to PDF converter (version 2006.09.02).]
\scratchcounter=\count107
\scratchdimen=\dimen120
\scratchbox=\box28
\nofMPsegments=\count108
\nofMParguments=\count109
\everyMPshowfont=\toks17
\MPscratchCnt=\count110
\MPscratchDim=\dimen121
\MPnumerator=\count111
\everyMPtoPDFconversion=\toks18
)
\AtBeginShipoutBox=\box29
Package hyperref Info: Link coloring ON on input line 35.
 (/usr/local/texlive/2010/texmf-dist/tex/latex/hyperref/nameref.sty
Package: nameref 2010/04/30 v2.40 Cross-referencing by name of section

(/usr/local/texlive/2010/texmf-dist/tex/latex/oberdiek/refcount.sty
Package: refcount 2008/08/11 v3.1 Data extraction from references (HO)
)
(/usr/local/texlive/2010/texmf-dist/tex/generic/oberdiek/gettitlestring.sty
Package: gettitlestring 2009/12/18 v1.3 Cleanup title references (HO)
)
\c@section@level=\count112
)
LaTeX Info: Redefining \ref on input line 35.
LaTeX Info: Redefining \pageref on input line 35.
LaTeX Info: Redefining \nameref on input line 35.

(./numdiff_20121203_jpb.out) (./numdiff_20121203_jpb.out)
\@outlinefile=\write3
\openout3 = `numdiff_20121203_jpb.out'.


A&A warning: Missing \institute
LaTeX Font Info:    Try loading font information for OMS+cmr on input line 80.
(/usr/local/texlive/2010/texmf-dist/tex/latex/base/omscmr.fd
File: omscmr.fd 1999/05/25 v2.5h Standard LaTeX font definitions
)
LaTeX Font Info:    Font shape `OMS/cmr/m/n' in size <10> not available
(Font)              Font shape `OMS/cmsy/m/n' tried instead on input line 80.
LaTeX Font Info:    External font `cmex10' loaded for size
(Font)              <7> on input line 80.
LaTeX Font Info:    External font `cmex10' loaded for size
(Font)              <5> on input line 80.
LaTeX Font Info:    External font `cmex10' loaded for size
(Font)              <10.95> on input line 80.
LaTeX Font Info:    External font `cmex10' loaded for size
(Font)              <8> on input line 80.
LaTeX Font Info:    External font `cmex10' loaded for size
(Font)              <6> on input line 80.
LaTeX Font Info:    External font `cmex10' loaded for size
(Font)              <9> on input line 80.


LaTeX Font Warning: Font shape `OT1/cmss/m/it' in size <9> not available
(Font)              Font shape `OT1/cmss/m/sl' tried instead on input line 80.


Underfull \vbox (badness 10000) has occurred while \output is active []


Underfull \vbox (badness 3078) has occurred while \output is active []

 [1{/usr/local/texlive/2010/texmf-var/fonts/map/pdftex/updmap/pdftex.map}


]
<images/sim_vels_thesis1.pdf, id=132, 614.295pt x 794.97pt>
File: images/sim_vels_thesis1.pdf Graphic file (type pdf)

<use images/sim_vels_thesis1.pdf>
<images/sim_vels_thesis2.pdf, id=133, 614.295pt x 794.97pt>
File: images/sim_vels_thesis2.pdf Graphic file (type pdf)

<use images/sim_vels_thesis2.pdf> [2]

LaTeX Font Warning: Font shape `OT1/cmss/m/it' in size <10> not available
(Font)              Font shape `OT1/cmss/m/sl' tried instead on input line 157.


Package epstopdf Info: Source file: <images/noise_hist_weight.eps>
(epstopdf)                    date: 2012-10-30 11:26:19
(epstopdf)                    size: 55472 bytes
(epstopdf)             Output file: <images/noise_hist_weight-eps-converted-to.
pdf>
(epstopdf)                    date: 2012-11-02 19:15:32
(epstopdf)                    size: 26502 bytes
(epstopdf)             Command: <epstopdf --outfile=images/noise_hist_weight-ep
s-converted-to.pdf images/noise_hist_weight.eps>
(epstopdf)             \includegraphics on input line 170.
Package epstopdf Info: Output file is already uptodate.

<images/noise_hist_weight-eps-converted-to.pdf, id=155, 426.59375pt x 568.1225p
t>
File: images/noise_hist_weight-eps-converted-to.pdf Graphic file (type pdf)
 <use images/noise_hist_weight-eps-converted-to.pdf>
Package epstopdf Info: Source file: <images/cad_hist_weight.eps>
(epstopdf)                    date: 2012-10-29 14:46:21
(epstopdf)                    size: 72007 bytes
(epstopdf)             Output file: <images/cad_hist_weight-eps-converted-to.pd
f>
(epstopdf)                    date: 2012-11-02 19:15:33
(epstopdf)                    size: 35871 bytes
(epstopdf)             Command: <epstopdf --outfile=images/cad_hist_weight-eps-
converted-to.pdf images/cad_hist_weight.eps>
(epstopdf)             \includegraphics on input line 178.
Package epstopdf Info: Output file is already uptodate.

<images/cad_hist_weight-eps-converted-to.pdf, id=156, 426.59375pt x 568.1225pt>
File: images/cad_hist_weight-eps-converted-to.pdf Graphic file (type pdf)
<use images/cad_hist_weight-eps-converted-to.pdf>
Package epstopdf Info: Source file: <images/fig_noise_cad.eps>
(epstopdf)                    date: 2012-10-29 15:38:25
(epstopdf)                    size: 525098 bytes
(epstopdf)             Output file: <images/fig_noise_cad-eps-converted-to.pdf>

(epstopdf)                    date: 2012-10-30 10:54:49
(epstopdf)                    size: 449837 bytes
(epstopdf)             Command: <epstopdf --outfile=images/fig_noise_cad-eps-co
nverted-to.pdf images/fig_noise_cad.eps>
(epstopdf)             \includegraphics on input line 186.
Package epstopdf Info: Output file is already uptodate.

<images/fig_noise_cad-eps-converted-to.pdf, id=157, 511.9125pt x 226.8475pt>
File: images/fig_noise_cad-eps-converted-to.pdf Graphic file (type pdf)

<use images/fig_noise_cad-eps-converted-to.pdf>
Overfull \hbox (4.90726pt too wide) in paragraph at lines 186--187
 [] 
 []

[3 <./images/sim_vels_thesis1.pdf> <./images/sim_vels_thesis2.pdf>]
Package epstopdf Info: Source file: <images/fig_cadence_hva_12min.eps>
(epstopdf)                    date: 2012-10-16 16:37:49
(epstopdf)                    size: 315679 bytes
(epstopdf)             Output file: <images/fig_cadence_hva_12min-eps-converted
-to.pdf>
(epstopdf)                    date: 2012-10-22 16:47:10
(epstopdf)                    size: 105591 bytes
(epstopdf)             Command: <epstopdf --outfile=images/fig_cadence_hva_12mi
n-eps-converted-to.pdf images/fig_cadence_hva_12min.eps>
(epstopdf)             \includegraphics on input line 201.
Package epstopdf Info: Output file is already uptodate.

<images/fig_cadence_hva_12min-eps-converted-to.pdf, id=195, 426.59375pt x 568.1
225pt>
File: images/fig_cadence_hva_12min-eps-converted-to.pdf Graphic file (type pdf)

 <use images/fig_cadence_hva_12min-eps-converted-to.pdf>
Package epstopdf Info: Source file: <images/fig_cadence_hva_50min.eps>
(epstopdf)                    date: 2012-10-16 16:38:46
(epstopdf)                    size: 303655 bytes
(epstopdf)             Output file: <images/fig_cadence_hva_50min-eps-converted
-to.pdf>
(epstopdf)                    date: 2012-10-22 16:47:19
(epstopdf)                    size: 99978 bytes
(epstopdf)             Command: <epstopdf --outfile=images/fig_cadence_hva_50mi
n-eps-converted-to.pdf images/fig_cadence_hva_50min.eps>
(epstopdf)             \includegraphics on input line 202.
Package epstopdf Info: Output file is already uptodate.

<images/fig_cadence_hva_50min-eps-converted-to.pdf, id=196, 426.59375pt x 568.1
225pt>
File: images/fig_cadence_hva_50min-eps-converted-to.pdf Graphic file (type pdf)

 <use images/fig_cadence_hva_50min-eps-converted-to.pdf>
Package epstopdf Info: Source file: <images/fig_cadence_1.eps>
(epstopdf)                    date: 2012-10-18 13:50:01
(epstopdf)                    size: 19968 bytes
(epstopdf)             Output file: <images/fig_cadence_1-eps-converted-to.pdf>

(epstopdf)                    date: 2012-10-22 16:47:28
(epstopdf)                    size: 11739 bytes
(epstopdf)             Command: <epstopdf --outfile=images/fig_cadence_1-eps-co
nverted-to.pdf images/fig_cadence_1.eps>
(epstopdf)             \includegraphics on input line 203.
Package epstopdf Info: Output file is already uptodate.

<images/fig_cadence_1-eps-converted-to.pdf, id=197, 511.9125pt x 226.8475pt>
File: images/fig_cadence_1-eps-converted-to.pdf Graphic file (type pdf)

<use images/fig_cadence_1-eps-converted-to.pdf> [4 <./images/noise_hist_weight-
eps-converted-to.pdf> <./images/cad_hist_weight-eps-converted-to.pdf> <./images
/fig_noise_cad-eps-converted-to.pdf>]
Package epstopdf Info: Source file: <images/cad_boot_weight_5percent_300s.eps>
(epstopdf)                    date: 2012-11-02 15:22:41
(epstopdf)                    size: 81822 bytes
(epstopdf)             Output file: <images/cad_boot_weight_5percent_300s-eps-c
onverted-to.pdf>
(epstopdf)                    date: 2012-11-02 19:15:33
(epstopdf)                    size: 46003 bytes
(epstopdf)             Command: <epstopdf --outfile=images/cad_boot_weight_5per
cent_300s-eps-converted-to.pdf images/cad_boot_weight_5percent_300s.eps>
(epstopdf)             \includegraphics on input line 237.
Package epstopdf Info: Output file is already uptodate.

<images/cad_boot_weight_5percent_300s-eps-converted-to.pdf, id=219, 568.1225pt 
x 568.1225pt>
File: images/cad_boot_weight_5percent_300s-eps-converted-to.pdf Graphic file (t
ype pdf)
 <use images/cad_boot_weight_5percent_300s-eps-converted-to.pdf>
Underfull \vbox (badness 10000) has occurred while \output is active []


Underfull \vbox (badness 1852) has occurred while \output is active []

 [5 <./images/fig_cadence_hva_12min-eps-converted-to.pdf> <./images/fig_cadence
_hva_50min-eps-converted-to.pdf> <./images/fig_cadence_1-eps-converted-to.pdf>]
Package epstopdf Info: Source file: <images/fig_bootstrap_quadratic.eps>
(epstopdf)                    date: 2012-11-02 19:16:12
(epstopdf)                    size: 3341676 bytes
(epstopdf)             Output file: <images/fig_bootstrap_quadratic-eps-convert
ed-to.pdf>
(epstopdf)                    date: 2012-11-02 19:21:51
(epstopdf)                    size: 983212 bytes
(epstopdf)             Command: <epstopdf --outfile=images/fig_bootstrap_quadra
tic-eps-converted-to.pdf images/fig_bootstrap_quadratic.eps>
(epstopdf)             \includegraphics on input line 261.
Package epstopdf Info: Output file is already uptodate.

<images/fig_bootstrap_quadratic-eps-converted-to.pdf, id=263, 426.59375pt x 568
.1225pt>
File: images/fig_bootstrap_quadratic-eps-converted-to.pdf Graphic file (type pd
f)
 <use images/fig_bootstrap_quadratic-eps-converted-to.pdf>
Package epstopdf Info: Source file: <images/fig_residuals_quadratic.eps>
(epstopdf)                    date: 2012-11-02 19:16:11
(epstopdf)                    size: 15334 bytes
(epstopdf)             Output file: <images/fig_residuals_quadratic-eps-convert
ed-to.pdf>
(epstopdf)                    date: 2012-11-02 19:21:51
(epstopdf)                    size: 9374 bytes
(epstopdf)             Command: <epstopdf --outfile=images/fig_residuals_quadra
tic-eps-converted-to.pdf images/fig_residuals_quadratic.eps>
(epstopdf)             \includegraphics on input line 262.
Package epstopdf Info: Output file is already uptodate.

<images/fig_residuals_quadratic-eps-converted-to.pdf, id=264, 426.59375pt x 226
.8475pt>
File: images/fig_residuals_quadratic-eps-converted-to.pdf Graphic file (type pd
f)
 <use images/fig_residuals_quadratic-eps-converted-to.pdf>
Underfull \hbox (badness 6428) in paragraph at lines 263--263
[]\OT1/cmr/bx/n/10 Fig.7. |[]\OT1/cmr/m/n/10 The boot-strapped sec-ond or-der p
oly-no-mial
 []

Package epstopdf Info: Source file: <images/fig_bootstrap_savgol.eps>
(epstopdf)                    date: 2012-11-02 19:00:16
(epstopdf)                    size: 3334284 bytes
(epstopdf)             Output file: <images/fig_bootstrap_savgol-eps-converted-
to.pdf>
(epstopdf)                    date: 2012-11-02 19:00:56
(epstopdf)                    size: 1226104 bytes
(epstopdf)             Command: <epstopdf --outfile=images/fig_bootstrap_savgol
-eps-converted-to.pdf images/fig_bootstrap_savgol.eps>
(epstopdf)             \includegraphics on input line 292.
Package epstopdf Info: Output file is already uptodate.

<images/fig_bootstrap_savgol-eps-converted-to.pdf, id=265, 426.59375pt x 568.12
25pt>
File: images/fig_bootstrap_savgol-eps-converted-to.pdf Graphic file (type pdf)
 <use images/fig_bootstrap_savgol-eps-converted-to.pdf>

LaTeX Warning: File `images/fit_residuals_savgol.eps' not found on input line 2
93.

Package epstopdf Info: Source file: <images/fit_residuals_savgol.eps>
(epstopdf)             Output file: <images/fit_residuals_savgol-eps-converted-
to.pdf>
(epstopdf)                    date: 2012-11-02 18:56:48
(epstopdf)                    size: 9891 bytes
(epstopdf)             Command: <epstopdf --outfile=images/fit_residuals_savgol
-eps-converted-to.pdf images/fit_residuals_savgol.eps>
(epstopdf)             \includegraphics on input line 293.
Package epstopdf Info: Output file is already uptodate.

<images/fit_residuals_savgol-eps-converted-to.pdf, id=266, 426.59375pt x 226.84
75pt>
File: images/fit_residuals_savgol-eps-converted-to.pdf Graphic file (type pdf)
 <use images/fit_residuals_savgol-eps-converted-to.pdf>
Package epstopdf Info: Source file: <images/fit_kinscasestudy_CME.eps>
(epstopdf)                    date: 2012-12-03 10:27:21
(epstopdf)                    size: 6282626 bytes
(epstopdf)             Output file: <images/fit_kinscasestudy_CME-eps-converted
-to.pdf>
(epstopdf)                    date: 2012-12-03 10:29:17
(epstopdf)                    size: 2558862 bytes
(epstopdf)             Command: <epstopdf --outfile=images/fit_kinscasestudy_CM
E-eps-converted-to.pdf images/fit_kinscasestudy_CME.eps>
(epstopdf)             \includegraphics on input line 307.
Package epstopdf Info: Output file is already uptodate.

<images/fit_kinscasestudy_CME-eps-converted-to.pdf, id=269, 426.59375pt x 568.1
225pt>
File: images/fit_kinscasestudy_CME-eps-converted-to.pdf Graphic file (type pdf)

 <use images/fit_kinscasestudy_CME-eps-converted-to.pdf>
Underfull \vbox (badness 10000) has occurred while \output is active []

 [6 <./images/cad_boot_weight_5percent_300s-eps-converted-to.pdf>]
Package epstopdf Info: Source file: <images/real_wave_data/realdat_kins_2010081
4_250savgol.eps>
(epstopdf)                    date: 2012-10-29 10:44:56
(epstopdf)                    size: 5501838 bytes
(epstopdf)             Output file: <images/real_wave_data/realdat_kins_2010081
4_250savgol-eps-converted-to.pdf>
(epstopdf)                    date: 2012-12-03 10:23:25
(epstopdf)                    size: 2260334 bytes
(epstopdf)             Command: <epstopdf --outfile=images/real_wave_data/reald
at_kins_20100814_250savgol-eps-converted-to.pdf images/real_wave_data/realdat_k
ins_20100814_250savgol.eps>
(epstopdf)             \includegraphics on input line 317.
Package epstopdf Info: Output file is already uptodate.

<images/real_wave_data/realdat_kins_20100814_250savgol-eps-converted-to.pdf, id
=292, 568.1225pt x 568.1225pt>
File: images/real_wave_data/realdat_kins_20100814_250savgol-eps-converted-to.pd
f Graphic file (type pdf)

<use images/real_wave_data/realdat_kins_20100814_250savgol-eps-converted-to.pdf
>
Overfull \hbox (3.20145pt too wide) in paragraph at lines 317--318
 [][] 
 []


Underfull \hbox (badness 2027) in paragraph at lines 340--341
\OT1/cmr/m/n/8 project is an in-ter-na-tional con-sor-tium of the Naval Researc
h
 []


Underfull \hbox (badness 3525) in paragraph at lines 340--341
\OT1/cmr/m/n/8 Appleton Laboratory (UK), University of Birmingham (UK),
 []

(./numdiff_20121203_jpb.bbl [7 <./images/fig_bootstrap_quadratic-eps-converted-
to.pdf> <./images/fig_residuals_quadratic-eps-converted-to.pdf> <./images/fig_b
ootstrap_savgol-eps-converted-to.pdf> <./images/fit_residuals_savgol-eps-conver
ted-to.pdf>])
Package atveryend Info: Empty hook `BeforeClearDocument' on input line 350.
 [8 <./images/fit_kinscasestudy_CME-eps-converted-to.pdf> <./images/real_wave_d
ata/realdat_kins_20100814_250savgol-eps-converted-to.pdf>]
Package atveryend Info: Empty hook `AfterLastShipout' on input line 350.

(./numdiff_20121203_jpb.aux)
Package atveryend Info: Executing hook `AtVeryEndDocument' on input line 350.
Package rerunfilecheck Info: File `numdiff_20121203_jpb.out' has not changed.
(rerunfilecheck)             Checksum: 1822C07D78E7F0110D4F85077449592A;632.
 ) 
Here is how much of TeX's memory you used:
 5851 strings out of 493738
 87592 string characters out of 3143023
 193792 words of memory out of 3000000
 8950 multiletter control sequences out of 15000+200000
 14861 words of font info for 50 fonts, out of 3000000 for 9000
 714 hyphenation exceptions out of 8191
 41i,13n,28p,3863b,412s stack positions out of 5000i,500n,10000p,200000b,50000s
</usr/local/texlive/2010/texmf-dist/fonts/type1/public/amsfonts/cm/cmbx10.pfb
></usr/local/texlive/2010/texmf-dist/fonts/type1/public/amsfonts/cm/cmcsc10.pfb
></usr/local/texlive/2010/texmf-dist/fonts/type1/public/amsfonts/cm/cmex10.pfb>
</usr/local/texlive/2010/texmf-dist/fonts/type1/public/amsfonts/cm/cmmi10.pfb><
/usr/local/texlive/2010/texmf-dist/fonts/type1/public/amsfonts/cm/cmmi5.pfb></u
sr/local/texlive/2010/texmf-dist/fonts/type1/public/amsfonts/cm/cmmi7.pfb></usr
/local/texlive/2010/texmf-dist/fonts/type1/public/amsfonts/cm/cmmib10.pfb></usr
/local/texlive/2010/texmf-dist/fonts/type1/public/amsfonts/cm/cmr10.pfb></usr/l
ocal/texlive/2010/texmf-dist/fonts/type1/public/amsfonts/cm/cmr5.pfb></usr/loca
l/texlive/2010/texmf-dist/fonts/type1/public/amsfonts/cm/cmr7.pfb></usr/local/t
exlive/2010/texmf-dist/fonts/type1/public/amsfonts/cm/cmr8.pfb></usr/local/texl
ive/2010/texmf-dist/fonts/type1/public/amsfonts/cm/cmr9.pfb></usr/local/texlive
/2010/texmf-dist/fonts/type1/public/amsfonts/cm/cmsl10.pfb></usr/local/texlive/
2010/texmf-dist/fonts/type1/public/amsfonts/cm/cmssbx10.pfb></usr/local/texlive
/2010/texmf-dist/fonts/type1/public/amsfonts/cm/cmssi10.pfb></usr/local/texlive
/2010/texmf-dist/fonts/type1/public/amsfonts/cm/cmssi9.pfb></usr/local/texlive/
2010/texmf-dist/fonts/type1/public/amsfonts/cm/cmsy10.pfb></usr/local/texlive/2
010/texmf-dist/fonts/type1/public/amsfonts/cm/cmsy7.pfb></usr/local/texlive/201
0/texmf-dist/fonts/type1/public/amsfonts/cm/cmti10.pfb></usr/local/texlive/2010
/texmf-dist/fonts/type1/public/amsfonts/cm/cmti8.pfb></usr/local/texlive/2010/t
exmf-dist/fonts/type1/public/amsfonts/cm/cmti9.pfb>
Output written on numdiff_20121203_jpb.pdf (8 pages, 8107168 bytes).
PDF statistics:
 410 PDF objects out of 1000 (max. 8388607)
 348 compressed objects within 4 object streams
 81 named destinations out of 1000 (max. 500000)
 162 words of extra memory for PDF output out of 10000 (max. 10000000)

