This is pdfTeXk, Version 3.141592-1.40.3 (Web2C 7.5.6) (format=latex 2007.12.3)  12 JAN 2011 01:45
entering extended mode
 %&-line parsing enabled.
**20101215.tex
(./20101215.tex
LaTeX2e <2005/12/01>
Babel <v3.8h> and hyphenation patterns for english, usenglishmax, dumylang, noh
yphenation, arabic, basque, bulgarian, coptic, welsh, czech, slovak, german, ng
erman, danish, esperanto, spanish, catalan, galician, estonian, farsi, finnish,
 french, greek, monogreek, ancientgreek, croatian, hungarian, interlingua, ibyc
us, indonesian, icelandic, italian, latin, mongolian, dutch, norsk, polish, por
tuguese, pinyin, romanian, russian, slovenian, uppersorbian, serbian, swedish, 
turkish, ukenglish, ukrainian, loaded.
(./SolarPhysics.cls
Document Class: SolarPhysics 2009/10/08 (version 1.3) Springer base document cl
ass for "Solar Physics" journal
(/usr/local/texlive/2007/texmf-dist/tex/latex/amsfonts/amssymb.sty
Package: amssymb 2002/01/22 v2.2d

(/usr/local/texlive/2007/texmf-dist/tex/latex/amsfonts/amsfonts.sty
Package: amsfonts 2001/10/25 v2.2f
\@emptytoks=\toks14
\symAMSa=\mathgroup4
\symAMSb=\mathgroup5
LaTeX Font Info:    Overwriting math alphabet `\mathfrak' in version `bold'
(Font)                  U/euf/m/n --> U/euf/b/n on input line 132.
))
(/usr/local/texlive/2007/texmf-dist/tex/latex/wasysym/wasysym.sty
Package: wasysym 2003/10/30 v2.0 Wasy-2 symbol support package
\symwasy=\mathgroup6
LaTeX Font Info:    Overwriting symbol font `wasy' in version `bold'
(Font)                  U/wasy/m/n --> U/wasy/b/n on input line 90.
)
\@cla=\count79
\@clb=\count80
\bdj=\box26
\tracingkluwer=\count81
\id@boxheight=\dimen102
\topsepm@th=\skip41
\aobox=\box27
\@temptokenb=\toks15
\cnt@authors=\count82
\cnt@institutes=\count83
\@abstractbox=\box28
\mottobox=\box29
\logotoks=\toks16
\c@outputpage=\count84
\c@article=\count85
\stretchtabsep=\skip42
\maxfloatwidth=\dimen103
\figtabbox=\box30
\floatindent=\dimen104
\@tabskip=\dimen105
\captionskip=\dimen106
\@tabwidth=\dimen107
\captionindent=\dimen108
\@floatcaption=\toks17
\abovecaptionskip=\skip43
\belowcaptionskip=\skip44
\c@table=\count86
\c@tabnote=\count87
\c@figure=\count88
\c@algorithm=\count89
\rotdimen=\dimen109
\c@endnote=\count90
\endnotesep=\dimen110
\@endnotes=\write3
\bibhang=\skip45

Springer -- Named references
\eqnoindent=\dimen111
\theoremsep=\dimen112
\dispsep=\dimen113
\items@ve=\skip46
\labels@ve=\skip47
\c@part=\count91
\c@section=\count92
\c@subsection=\count93
\c@subsubsection=\count94
\c@paragraph=\count95
\c@subparagraph=\count96
) (./spr-sola-addons.sty
Package: spr-sola-addons 2006/12/13Springer style for SOLA journal (DG)
)
(/usr/local/texlive/2007/texmf-dist/tex/latex/graphics/graphicx.sty
Package: graphicx 1999/02/16 v1.0f Enhanced LaTeX Graphics (DPC,SPQR)

(/usr/local/texlive/2007/texmf-dist/tex/latex/graphics/keyval.sty
Package: keyval 1999/03/16 v1.13 key=value parser (DPC)
\KV@toks@=\toks18
)
(/usr/local/texlive/2007/texmf-dist/tex/latex/graphics/graphics.sty
Package: graphics 2006/02/20 v1.0o Standard LaTeX Graphics (DPC,SPQR)

(/usr/local/texlive/2007/texmf-dist/tex/latex/graphics/trig.sty
Package: trig 1999/03/16 v1.09 sin cos tan (DPC)
)
(/usr/local/texlive/2007/texmf/tex/latex/config/graphics.cfg
File: graphics.cfg 2007/01/18 v1.5 graphics configuration of teTeX/TeXLive
)
Package graphics Info: Driver file: dvips.def on input line 90.

(/usr/local/texlive/2007/texmf-dist/tex/latex/graphics/dvips.def
File: dvips.def 1999/02/16 v3.0i Driver-dependant file (DPC,SPQR)
))
\Gin@req@height=\dimen114
\Gin@req@width=\dimen115
)
(/usr/local/texlive/2007/texmf-dist/tex/latex/graphics/color.sty
Package: color 2005/11/14 v1.0j Standard LaTeX Color (DPC)

(/usr/local/texlive/2007/texmf/tex/latex/config/color.cfg
File: color.cfg 2007/01/18 v1.5 color configuration of teTeX/TeXLive
)
Package color Info: Driver file: dvips.def on input line 130.

(/usr/local/texlive/2007/texmf-dist/tex/latex/graphics/dvipsnam.def
File: dvipsnam.def 1999/02/16 v3.0i Driver-dependant file (DPC,SPQR)
))
(/usr/local/texlive/2007/texmf-dist/tex/latex/ltxmisc/url.sty
\Urlmuskip=\muskip10
Package: url 2005/06/27  ver 3.2  Verb mode for urls, etc.
) (./20101215.aux)
\openout1 = `20101215.aux'.

LaTeX Font Info:    Checking defaults for OML/cmm/m/it on input line 73.
LaTeX Font Info:    ... okay on input line 73.
LaTeX Font Info:    Checking defaults for T1/cmr/m/n on input line 73.
LaTeX Font Info:    ... okay on input line 73.
LaTeX Font Info:    Checking defaults for OT1/cmr/m/n on input line 73.
LaTeX Font Info:    ... okay on input line 73.
LaTeX Font Info:    Checking defaults for OMS/cmsy/m/n on input line 73.
LaTeX Font Info:    ... okay on input line 73.
LaTeX Font Info:    Checking defaults for OMX/cmex/m/n on input line 73.
LaTeX Font Info:    ... okay on input line 73.
LaTeX Font Info:    Checking defaults for U/cmr/m/n on input line 73.
LaTeX Font Info:    ... okay on input line 73.
Article 1

LaTeX Font Warning: Font shape `OT1/cmr/m/n' in size <13> not available
(Font)              size <12> substituted on input line 100.


LaTeX Font Warning: Font shape `OT1/cmr/bx/n' in size <13> not available
(Font)              size <12> substituted on input line 100.


LaTeX Font Warning: Font shape `OT1/cmr/m/it' in size <13> not available
(Font)              size <12> substituted on input line 100.

LaTeX Font Info:    External font `cmex10' loaded for size
(Font)              <7> on input line 100.
LaTeX Font Info:    External font `cmex10' loaded for size
(Font)              <5> on input line 100.
LaTeX Font Info:    Try loading font information for U+wasy on input line 100.
(/usr/local/texlive/2007/texmf-dist/tex/latex/wasysym/uwasy.fd
File: uwasy.fd 2003/10/30 v2.0 Wasy-2 symbol font definitions
)

LaTeX Font Warning: Font shape `U/wasy/b/n' in size <7> not available
(Font)              Font shape `U/wasy/m/n' tried instead on input line 100.


LaTeX Font Warning: Font shape `U/wasy/b/n' in size <5> not available
(Font)              Font shape `U/wasy/m/n' tried instead on input line 100.

LaTeX Font Info:    External font `cmex10' loaded for size
(Font)              <8> on input line 100.
LaTeX Font Info:    External font `cmex10' loaded for size
(Font)              <6> on input line 100.
LaTeX Font Info:    Try loading font information for OMS+cmr on input line 100.

(/usr/local/texlive/2007/texmf-dist/tex/latex/base/omscmr.fd
File: omscmr.fd 1999/05/25 v2.5h Standard LaTeX font definitions
)
LaTeX Font Info:    Font shape `OMS/cmr/m/n' in size <8> not available
(Font)              Font shape `OMS/cmsy/m/n' tried instead on input line 100.
 Abstract
Keywords

LaTeX Warning: Reference `isect_forward' on page 1 undefined on input line 120.



LaTeX Warning: Reference `isect_reverse' on page 1 undefined on input line 120.



LaTeX Warning: Reference `isect_centre' on page 1 undefined on input line 120.


LaTeX Warning: Reference `isect_lagrangian' on page 1 undefined on input line 1
20.

[1]

LaTeX Warning: Reference `itaylor2' on page 2 undefined on input line 147.

[2]

LaTeX Warning: Reference `ieqn_errorprop' on page 3 undefined on input line 191
.

[3]

LaTeX Warning: Reference `ieqn_centreerrorprop' on page 4 undefined on input li
ne 312.


LaTeX Warning: Reference `iconst_a_forward_centre_noise001' on page 4 undefined
 on input line 348.


LaTeX Warning: Reference `iconst_a_forward_centre_noise010_cadence100' on page 
4 undefined on input line 348.


LaTeX Warning: Reference `iconst_a_forward_centre_noise010_cadence400' on page 
4 undefined on input line 348.

[4]
File: images/const_a_forward_centre_noise001.ps Graphic file (type eps)
 <images/const_a_forward_centre_noise001.ps> Figure 1
File: images/const_a_forward_centre_noise010_cadence100.ps Graphic file (type e
ps)

<images/const_a_forward_centre_noise010_cadence100.ps> Figure 2
File: images/const_a_forward_centre_noise010_cadence400.ps Graphic file (type e
ps)

<images/const_a_forward_centre_noise010_cadence400.ps> Figure 3

LaTeX Warning: Reference `inonconst_a_errorbars001_noise001_cadence50' on page 
5 undefined on input line 370.


LaTeX Warning: Reference `inonconst_a_errorbars001_noise001_cadence200' on page
 5 undefined on input line 370.


LaTeX Warning: Reference `inonconst_a_errorbars001_noise010_cadence200' on page
 5 undefined on input line 370.


LaTeX Warning: Reference `inonconst_a_errorbars001_noise001_cadence1' on page 5
 undefined on input line 370.

File: images/nonconst_a_errorbars001_noise001_cadence50.ps Graphic file (type e
ps)
<images/nonconst_a_errorbars001_noise001_cadence50.ps> Figure 4
File: images/nonconst_a_errorbars001_noise001_cadence200.ps Graphic file (type 
eps)

<images/nonconst_a_errorbars001_noise001_cadence200.ps> Figure 5
File: images/nonconst_a_errorbars001_noise010_cadence200.ps Graphic file (type 
eps)

<images/nonconst_a_errorbars001_noise010_cadence200.ps> Figure 6
File: images/nonconst_a_errorbars001_noise001_cadence1.ps Graphic file (type ep
s)

<images/nonconst_a_errorbars001_noise001_cadence1.ps> Figure 7

LaTeX Warning: Reference `inonconst_a_errorbars001_noise001_cadence50' on page 
5 undefined on input line 400.


LaTeX Warning: Reference `inonconst_a_errorbars001_noise001_cadence200' on page
 5 undefined on input line 400.

File: images/kins_cadence_fixed1000.ps Graphic file (type eps)
<images/kins_cadence_fixed1000.ps> Figure 8 [5] [6]
Overfull \hbox (1.7768pt too wide) in paragraph at lines 434--450
\OT1/cmr/m/n/10 Data Sys-tem (ADS), then stored in []\OT1/cmtt/m/n/10 SOLA_bibl
iography_example.bib \OT1/cmr/m/n/10 (file name|
 []

[7] [8] [9]
Overfull \hbox (69.2766pt too wide) in paragraph at lines 481--485
\OT1/cmr/m/n/10 Long URL's can be quite messy when bro-ken across lines  \OT1/c
mtt/m/n/10 http://gong.nso.edu/data/magmap/|
 []

[10] Appendix
File: fig1a.eps Graphic file (type eps)
 <fig1a.eps> Figure 9
Underfull \vbox (badness 10000) has occurred while \output is active []

 [11]
[12] Table 1

LaTeX Font Warning: Font shape `OT1/cmr/bx/sc' undefined
(Font)              using `OT1/cmr/bx/n' instead on input line 549.


LaTeX Warning: Reference `iS-references' on page 13 undefined on input line 553
.

(./20101215.bbl References

! LaTeX Error: Something's wrong--perhaps a missing \item.

See the LaTeX manual or LaTeX Companion for explanation.
Type  H <return>  for immediate help.
 ...                                              
                                                  
l.40 \end{thebibliography}
                          
? 
! Emergency stop.
 ...                                              
                                                  
l.40 \end{thebibliography}
                          
Try typing  <return>  to proceed.
If that doesn't work, type  X <return>  to quit.

 
Here is how much of TeX's memory you used:
 2244 strings out of 94074
 26219 string characters out of 1163007
 80078 words of memory out of 1500000
 5511 multiletter control sequences out of 10000+50000
 15076 words of font info for 57 fonts, out of 1200000 for 2000
 650 hyphenation exceptions out of 8191
 34i,11n,26p,1511b,343s stack positions out of 5000i,500n,6000p,200000b,5000s
Output written on 20101215.dvi (12 pages, 33776 bytes).
